#
# A fatal error has been detected by the Java Runtime Environment:
#
#  SIGSEGV (0xb) at pc=0x00007ccb5f01a309, pid=81372, tid=81393
#
# JRE version: OpenJDK Runtime Environment (21.0.11+10) (build 21.0.11+10-1-24.04.2-Ubuntu)
# Java VM: OpenJDK 64-Bit Server VM (21.0.11+10-1-24.04.2-Ubuntu, mixed mode, sharing, tiered, compressed oops, compressed class ptrs, g1 gc, linux-amd64)
# Problematic frame:
# V  [libjvm.so+0x81a309]  G1ParScanThreadState::trim_queue_to_threshold(unsigned int)+0x1b29
#
# Core dump will be written. Default location: Core dumps may be processed with "/usr/share/apport/apport -p%p -s%s -c%c -d%d -P%P -u%u -g%g -F%F -- %E" (or dumping to /home/abel/Desktop/PROJECTS/2026-projects/hms/hospital-management-system/core.81372)
#
# If you would like to submit a bug report, please visit:
#   https://bugs.launchpad.net/ubuntu/+source/openjdk-21
#

---------------  S U M M A R Y ------------

Command Line: -Djansi.mode=force -Dclassworlds.conf=/usr/share/maven/bin/m2.conf -Dmaven.home=/usr/share/maven -Dlibrary.jansi.path=/usr/share/maven/lib/jansi-native -Dmaven.multiModuleProjectDirectory=/home/abel/Desktop/PROJECTS/2026-projects/hms/hospital-management-system org.codehaus.plexus.classworlds.launcher.Launcher spring-boot:run

Host: Intel(R) Core(TM) i7-8650U CPU @ 1.90GHz, 8 cores, 31G, Ubuntu 24.04.4 LTS
Time: Wed Jun  3 13:00:23 2026 EAT elapsed time: 3.873185 seconds (0d 0h 0m 3s)

---------------  T H R E A D  ---------------

Current thread (0x00007ccb580447e0):  WorkerThread "GC Thread#0"    [id=81393, stack(0x00007ccb5c886000,0x00007ccb5c986000) (1024K)]

Stack: [0x00007ccb5c886000,0x00007ccb5c986000],  sp=0x00007ccb5c984ad0,  free space=1018k
Native frames: (J=compiled Java code, j=interpreted, Vv=VM code, C=native code)
V  [libjvm.so+0x81a309]  G1ParScanThreadState::trim_queue_to_threshold(unsigned int)+0x1b29
V  [libjvm.so+0x81ea3a]  G1ParScanThreadState::steal_and_trim_queue(GenericTaskQueueSet<OverflowTaskQueue<ScannerTask, (MEMFLAGS)5, 131072u>, (MEMFLAGS)5>*)+0x4da
V  [libjvm.so+0x854a45]  G1ParEvacuateFollowersClosure::do_void()+0xb5
V  [libjvm.so+0x8550f3]  G1EvacuateRegionsTask::evacuate_live_objects(G1ParScanThreadState*, unsigned int)+0x83
V  [libjvm.so+0x852b49]  G1EvacuateRegionsBaseTask::work(unsigned int)+0x99
V  [libjvm.so+0x104b060]  WorkerThread::run()+0x80
V  [libjvm.so+0xf90cb7]  Thread::call_run()+0xa7
V  [libjvm.so+0xd06fd5]  thread_native_entry(Thread*)+0xd5
C  [libc.so.6+0x9caa4]

siginfo: si_signo: 11 (SIGSEGV), si_code: 2 (SEGV_ACCERR), si_addr: 0x00007ccaf877220b

Registers:
RAX=0x00007ccaf8772203, RBX=0x00007ccb30003c40, RCX=0x0000000000000000, RDX=0x0000000000000000
RSP=0x00007ccb5c984ad0, RBP=0x00007ccb5c984b70, RSI=0x00007ccb5fcccea0, RDI=0x0000000000000003
R8 =0x0000000000000001, R9 =0x0000000000000002, R10=0x0000000619772e09, R11=0x00000000c554bd42
R12=0x00000006197721c5, R13=0x000000062aa5e9f0, R14=0x00007ccb5fcce708, R15=0x00007ccb5fccceb0
RIP=0x00007ccb5f01a309, EFLAGS=0x0000000000010206, CSGSFS=0x002b000000000033, ERR=0x0000000000000004
  TRAPNO=0x000000000000000e

XMM[0]=0x00000010001ae020 0x0000000000000001
XMM[1]=0x0000000000000000 0x0000000000000000
XMM[2]=0x0000000000000000 0x0000000000000000
XMM[3]=0x0000000000000000 0x00000000c554bcc6
XMM[4]=0xc554a74a00000000 0xc554cb2dc554a707
XMM[5]=0xc554a60100000000 0x0000000000000000
XMM[6]=0x00000000c554a48c 0x00000000c554a414
XMM[7]=0x0000000000000000 0x00000000c554a4fa
XMM[8]=0xc3896802c3899b61 0x00000000c3897125
XMM[9]=0x0020202020202020 0x2000202020202020
XMM[10]=0x3f3f3f3f3f3f3f3f 0x3f3f3f3f3f3f3f3f
XMM[11]=0x9999999999999999 0x9999999999999999
XMM[12]=0x2020202020202020 0x2020202020202020
XMM[13]=0x0000000000000000 0x0000000000000000
XMM[14]=0x0000000000000000 0x0000000000000000
XMM[15]=0xcafebabecafebabe 0xcafebabecafebabe
  MXCSR=0x00001fa2


Register to memory mapping:

RAX=0x00007ccaf8772203 is an unknown value
RBX=0x00007ccb30003c40 points into unknown readable memory: 0x00007ccb5fc025d8 | d8 25 c0 5f cb 7c 00 00
RCX=0x0 is null
RDX=0x0 is null
RSP=0x00007ccb5c984ad0 points into unknown readable memory: 0x00007ccb5802c4f0 | f0 c4 02 58 cb 7c 00 00
RBP=0x00007ccb5c984b70 points into unknown readable memory: 0x00007ccb5c984c10 | 10 4c 98 5c cb 7c 00 00
RSI=0x00007ccb5fcccea0: <offset 0x00000000014ccea0> in /usr/lib/jvm/java-21-openjdk-amd64/lib/server/libjvm.so at 0x00007ccb5e800000
RDI=0x0000000000000003 is an unknown value
R8 =0x0000000000000001 is an unknown value
R9 =0x0000000000000002 is an unknown value
R10=
[error occurred during error reporting (printing register info), id 0xb, SIGSEGV (0xb) at pc=0x00007ccb5efc8537]
R11=3310665026 is a compressed pointer to object: org.apache.maven.model.InputLocation 
{0x000000062aa5ea10} - klass: 'org/apache/maven/model/InputLocation'
 - ---- fields (total size 4 words):
 - private 'lineNumber' 'I' @12  227 (0x000000e3)
 - private 'columnNumber' 'I' @16  30 (0x0000001e)
 - private 'source' 'Lorg/apache/maven/model/InputSource;' @20  a 'org/apache/maven/model/InputSource'{0x000000062aa37518} (0xc5546ea3)
 - private 'locations' 'Ljava/util/Map;' @24  null (0x00000000)
 - private 'location' 'Lorg/apache/maven/model/InputLocation;' @28  null (0x00000000)
R12=0x00000006197721c5 is pointing into object: org.apache.maven.model.PluginExecution 
{0x00000006197721a0} - klass: 'org/apache/maven/model/PluginExecution'
 - ---- fields (total size 7 words):
 - private 'inheritanceApplied' 'Z' @12  true (0x01)
 - private 'inherited' 'Ljava/lang/String;' @16  null (0x00000000)
 - private 'configuration' 'Ljava/lang/Object;' @20  a 'org/codehaus/plexus/util/xml/Xpp3Dom'{0x00000006197721d8} (0xc32ee43b)
 - private 'locations' 'Ljava/util/Map;' @24  a 'java/util/LinkedHashMap'{0x0000000619772d18} (0xc32ee5a3)
 - private 'location' 'Lorg/apache/maven/model/InputLocation;' @28  a 'org/apache/maven/model/InputLocation'{0x00000006195ba6a0} (0xc32b74d4)
 - private 'inheritedLocation' 'Lorg/apache/maven/model/InputLocation;' @32  null (0x00000000)
 - private 'configurationLocation' 'Lorg/apache/maven/model/InputLocation;' @36  
[error occurred during error reporting (printing register info, attempt 2), id 0xb, SIGSEGV (0xb) at pc=0x00007ccb5f4ec87d]
R13=
[error occurred during error reporting (printing register info, attempt 3), id 0xb, SIGSEGV (0xb) at pc=0x00007ccb5efc8593]
Top of Stack: (sp=0x00007ccb5c984ad0)
0x00007ccb5c984ad0:   00007ccb5802c4f0 00007ccb5802c500   ...X.|.....X.|..
0x00007ccb5c984ae0:   0000000619772d58 000000cb58114e40   X-w.....@N.X....
0x00007ccb5c984af0:   0000000000000001 000000000000000a   ................
0x00007ccb5c984b00:   0000000600000000 00007ccb580e6040   ........@`.X.|..
0x00007ccb5c984b10:   00007ccadf2e8138 0000000619772df8   8....|...-w.....
0x00007ccb5c984b20:   000000005c984b70 00007ccb5fd0f694   pK.\......._.|..
0x00007ccb5c984b30:   00017ccadf03eca0 0000000000000001   .....|..........
0x00007ccb5c984b40:   000000061982db21 00007ccb5fd0f694   !.........._.|..
0x00007ccb5c984b50:   0000000619454971 00007ccb5fcce708   qIE........_.|..
0x00007ccb5c984b60:   00007ccb30003c40 00007ccb580057b0   @<.0.|...W.X.|..
0x00007ccb5c984b70:   00007ccb5c984c10 00007ccb5f01ea3a   .L.\.|..:.._.|..
0x00007ccb5c984b80:   0000000619818248 0000000000000001   H...............
0x00007ccb5c984b90:   0000000000000018 0000000000000000   ................
0x00007ccb5c984ba0:   00007ccb580e6000 0000000600000001   .`.X.|..........
0x00007ccb5c984bb0:   00007ccae00ee968 0000000619771378   h....|..x.w.....
0x00007ccb5c984bc0:   00000000cc000f70 00007ccb5fd0f694   p.........._.|..
0x00007ccb5c984bd0:   00017ccb5c984be0 0000000000000001   .K.\.|..........
0x00007ccb5c984be0:   00007ccb5c984c00 00007ccb5c984d00   .L.\.|...M.\.|..
0x00007ccb5c984bf0:   00007ccb5fd12d80 00007ccb5f92a400   .-._.|....._.|..
0x00007ccb5c984c00:   00007ccb30003c40 00007ccb30003c40   @<.0.|..@<.0.|..
0x00007ccb5c984c10:   00007ccb5c984cd0 00007ccb5f054a45   .L.\.|..EJ._.|..
0x00007ccb5c984c20:   00007ccb5c984c60 00007ccb5f002c50   `L.\.|..P,._.|..
0x00007ccb5c984c30:   00007ccb30003c40 00000001e4ca3f0c   @<.0.|...?......
0x00007ccb5c984c40:   0000000000000000 0000000000000000   ................
0x00007ccb5c984c50:   00007ccacc000000 00007ccb356fb090   .....|....o5.|..
0x00007ccb5c984c60:   00007ccacc000f70 0000000000000003   p....|..........
0x00007ccb5c984c70:   0000000000000000 0000000000000000   ................
0x00007ccb5c984c80:   00007ccb5c000000 00007ccb5feec96d   ...\.|..m.._.|..
0x00007ccb5c984c90:   00007ccb5c984cb0 00007ccb5f511a9a   .L.\.|....Q_.|..
0x00007ccb5c984ca0:   0000000000003038 00007ccb356fb090   80........o5.|..
0x00007ccb5c984cb0:   00007ccacc000f70 0000000000000003   p....|..........
0x00007ccb5c984cc0:   00007ccb30003c40 00007ccb58044b90   @<.0.|...K.X.|..

Instructions: (pc=0x00007ccb5f01a309)
0x00007ccb5f01a209:   0f 84 0b 22 00 00 4d 89 d8 49 c1 e8 03 41 83 e0
0x00007ccb5f01a219:   0f 44 3b 83 80 01 00 00 b8 00 00 00 00 44 0f 43
0x00007ccb5f01a229:   c8 0f 93 c2 48 8b 73 08 48 8d 3d 5c 54 cf 00 44
0x00007ccb5f01a239:   88 4d c6 88 55 c7 8b 8e 18 02 00 00 48 8b 86 10
0x00007ccb5f01a249:   02 00 00 48 89 7d b8 48 d3 e0 48 89 c1 4c 89 e8
0x00007ccb5f01a259:   48 29 c8 8b 0f 48 d3 e8 48 8b 8e f8 01 00 00 89
0x00007ccb5f01a269:   c0 48 8b 04 c1 8b b8 8c 00 00 00 48 89 45 98 48
0x00007ccb5f01a279:   8b 43 70 89 7d 90 84 d2 0f 85 a7 12 00 00 48 8b
0x00007ccb5f01a289:   48 10 89 fa 48 8b 14 d1 4c 8b 4a 30 48 8b 42 38
0x00007ccb5f01a299:   4c 29 c8 48 c1 e8 03 4c 39 f8 0f 82 1c 11 00 00
0x00007ccb5f01a2a9:   4b 8d 04 f9 48 89 42 30 4d 85 c9 0f 84 0b 11 00
0x00007ccb5f01a2b9:   00 48 8d 05 5f 38 cb 00 48 8b 00 41 0f 18 0c 01
0x00007ccb5f01a2c9:   49 83 ff 08 0f 87 17 24 00 00 48 8d 15 b2 98 9b
0x00007ccb5f01a2d9:   00 4a 63 04 ba 48 01 d0 3e ff e0 4c 8d 35 1d 44
0x00007ccb5f01a2e9:   cb 00 41 80 3e 00 0f 84 46 0a 00 00 48 8d 35 a4
0x00007ccb5f01a2f9:   2b cb 00 41 8b 45 08 8b 4e 08 48 d3 e0 48 03 06
0x00007ccb5f01a309:   8b 48 08 48 89 45 a0 85 c9 0f 8e a2 17 00 00 f6
0x00007ccb5f01a319:   c1 01 74 1e 48 8b 45 a0 48 8d 35 f8 c4 ac ff 48
0x00007ccb5f01a329:   8b 00 48 8b 80 00 01 00 00 48 39 f0 0f 85 b7 28
0x00007ccb5f01a339:   00 00 c1 f9 03 4c 63 d1 4c 89 5d c8 84 d2 0f 85
0x00007ccb5f01a349:   94 11 00 00 48 8d 05 54 3c cb 00 83 38 02 0f 84
0x00007ccb5f01a359:   e7 20 00 00 41 f6 c3 01 0f 84 e7 20 00 00 4c 89
0x00007ccb5f01a369:   d8 48 c1 e8 03 83 e0 0f 89 45 a8 3b 83 80 01 00
0x00007ccb5f01a379:   00 b8 00 00 00 00 44 0f 43 c0 0f 93 c2 48 8b 73
0x00007ccb5f01a389:   08 48 8d 3d 03 53 cf 00 44 88 45 c6 88 55 c7 8b
0x00007ccb5f01a399:   8e 18 02 00 00 48 8b 86 10 02 00 00 48 89 7d b8
0x00007ccb5f01a3a9:   48 d3 e0 48 89 c1 4c 89 e8 48 29 c8 8b 0f 48 d3
0x00007ccb5f01a3b9:   e8 48 8b 8e f8 01 00 00 89 c0 48 8b 04 c1 8b b8
0x00007ccb5f01a3c9:   8c 00 00 00 48 89 45 98 48 8b 43 70 89 7d 90 84
0x00007ccb5f01a3d9:   d2 0f 85 f5 10 00 00 48 8b 48 10 89 fa 48 8b 14
0x00007ccb5f01a3e9:   d1 4c 8b 4a 30 48 8b 42 38 4c 29 c8 4d 89 c8 48
0x00007ccb5f01a3f9:   c1 e8 03 4c 39 d0 0f 82 77 10 00 00 4b 8d 04 d1


Stack slot to memory mapping:

stack at sp + 0 slots: 0x00007ccb5802c4f0 points into unknown readable memory: 0x0000000000000000 | 00 00 00 00 00 00 00 00
stack at sp + 1 slots: 0x00007ccb5802c500 points into unknown readable memory: 0x636170612e67726f | 6f 72 67 2e 61 70 61 63
stack at sp + 2 slots: 0x0000000619772d58 is an oop: [Ljava.util.HashMap$Node; 
{0x0000000619772d58} - klass: 'java/util/HashMap$Node'[]
 - length: 16
stack at sp + 3 slots: 0x000000cb58114e40 is an unknown value
stack at sp + 4 slots: 0x0000000000000001 is an unknown value
stack at sp + 5 slots: 0x000000000000000a is an unknown value
stack at sp + 6 slots: 0x0000000600000000 is an unknown value
stack at sp + 7 slots: 0x00007ccb580e6040 points into unknown readable memory: 0x000000062a800000 | 00 00 80 2a 06 00 00 00


---------------  P R O C E S S  ---------------

Threads class SMR info:
_java_thread_list=0x00007ccab84a64d0, length=12, elements={
0x00007ccb58019c00, 0x00007ccb58120210, 0x00007ccb58121790, 0x00007ccb58122f40,
0x00007ccb58124590, 0x00007ccb58125b40, 0x00007ccb58127690, 0x00007ccb58128d60,
0x00007ccb58134c10, 0x00007ccb58137f50, 0x00007ccab8065570, 0x00007ccab84a5a00
}

Java Threads: ( => current thread )
  0x00007ccb58019c00 JavaThread "main"                              [_thread_blocked, id=81392, stack(0x00007ccb5e300000,0x00007ccb5e400000) (1024K)]
  0x00007ccb58120210 JavaThread "Reference Handler"          daemon [_thread_blocked, id=81400, stack(0x00007ccb34f00000,0x00007ccb35000000) (1024K)]
  0x00007ccb58121790 JavaThread "Finalizer"                  daemon [_thread_blocked, id=81401, stack(0x00007ccb34e00000,0x00007ccb34f00000) (1024K)]
  0x00007ccb58122f40 JavaThread "Signal Dispatcher"          daemon [_thread_blocked, id=81402, stack(0x00007ccb34d00000,0x00007ccb34e00000) (1024K)]
  0x00007ccb58124590 JavaThread "Service Thread"             daemon [_thread_blocked, id=81403, stack(0x00007ccb34c00000,0x00007ccb34d00000) (1024K)]
  0x00007ccb58125b40 JavaThread "Monitor Deflation Thread"   daemon [_thread_blocked, id=81404, stack(0x00007ccb34b00000,0x00007ccb34c00000) (1024K)]
  0x00007ccb58127690 JavaThread "C2 CompilerThread0"         daemon [_thread_blocked, id=81405, stack(0x00007ccb34a00000,0x00007ccb34b00000) (1024K)]
  0x00007ccb58128d60 JavaThread "C1 CompilerThread0"         daemon [_thread_blocked, id=81406, stack(0x00007ccb34900000,0x00007ccb34a00000) (1024K)]
  0x00007ccb58134c10 JavaThread "Notification Thread"        daemon [_thread_blocked, id=81407, stack(0x00007ccb3472f000,0x00007ccb3482f000) (1024K)]
  0x00007ccb58137f50 JavaThread "Common-Cleaner"             daemon [_thread_blocked, id=81408, stack(0x00007ccb3462f000,0x00007ccb3472f000) (1024K)]
  0x00007ccab8065570 JavaThread "C2 CompilerThread1"         daemon [_thread_blocked, id=81410, stack(0x00007ccb3452f000,0x00007ccb3462f000) (1024K)]
  0x00007ccab84a5a00 JavaThread "C2 CompilerThread2"         daemon [_thread_blocked, id=81447, stack(0x00007ccb3442f000,0x00007ccb3452f000) (1024K)]
Total: 12

Other Threads:
  0x00007ccb581170d0 VMThread "VM Thread"                           [id=81399, stack(0x00007ccb355fd000,0x00007ccb356fd000) (1024K)]
  0x00007ccb581054f0 WatcherThread "VM Periodic Task Thread"        [id=81398, stack(0x00007ccb356fe000,0x00007ccb357fe000) (1024K)]
=>0x00007ccb580447e0 WorkerThread "GC Thread#0"                     [id=81393, stack(0x00007ccb5c886000,0x00007ccb5c986000) (1024K)]
  0x00007ccacc007a10 WorkerThread "GC Thread#1"                     [id=81431, stack(0x00007ccb3432f000,0x00007ccb3442f000) (1024K)]
  0x00007ccacc0084d0 WorkerThread "GC Thread#2"                     [id=81432, stack(0x00007ccb3422e000,0x00007ccb3432e000) (1024K)]
  0x00007ccacc008fd0 WorkerThread "GC Thread#3"                     [id=81433, stack(0x00007ccb3412d000,0x00007ccb3422d000) (1024K)]
  0x00007ccacc009ad0 WorkerThread "GC Thread#4"                     [id=81434, stack(0x00007ccb3402c000,0x00007ccb3412c000) (1024K)]
  0x00007ccacc00a5d0 WorkerThread "GC Thread#5"                     [id=81435, stack(0x00007ccadef00000,0x00007ccadf000000) (1024K)]
  0x00007ccacc00b140 WorkerThread "GC Thread#6"                     [id=81436, stack(0x00007ccadedff000,0x00007ccadeeff000) (1024K)]
  0x00007ccacc00c0a0 WorkerThread "GC Thread#7"                     [id=81437, stack(0x00007ccadecfe000,0x00007ccadedfe000) (1024K)]
  0x00007ccb580557d0 ConcurrentGCThread "G1 Main Marker"            [id=81394, stack(0x00007ccb5c785000,0x00007ccb5c885000) (1024K)]
  0x00007ccb58056780 WorkerThread "G1 Conc#0"                       [id=81395, stack(0x00007ccb5c684000,0x00007ccb5c784000) (1024K)]
  0x00007ccb580ea950 ConcurrentGCThread "G1 Refine#0"               [id=81396, stack(0x00007ccb35900000,0x00007ccb35a00000) (1024K)]
  0x00007ccb580eb920 ConcurrentGCThread "G1 Service"                [id=81397, stack(0x00007ccb357ff000,0x00007ccb358ff000) (1024K)]
Total: 14

Threads with active compile tasks:
C2 CompilerThread0  3877 5089   !   4       java.net.URL::<init> (543 bytes)
C2 CompilerThread1  3877 5108 %     4       java.util.jar.Manifest$FastInputStream::readLine @ 86 (296 bytes)
C2 CompilerThread2  3877 5029       4       java.lang.invoke.MethodType::makeImpl (109 bytes)
Total: 3

VM state: at safepoint (normal execution)

VM Mutex/Monitor currently owned by a thread:  ([mutex/lock_event])
[0x00007ccb5fd29ed8] Threads_lock - owner thread: 0x00007ccb581170d0
[0x00007ccb5fd29dd8] Heap_lock - owner thread: 0x00007ccb58019c00

Heap address: 0x000000060c800000, size: 7992 MB, Compressed Oops mode: Zero based, Oop shift amount: 3

CDS archive(s) mapped at: [0x00007ccadf000000-0x00007ccadfc9c000-0x00007ccadfc9c000), size 13221888, SharedBaseAddress: 0x00007ccadf000000, ArchiveRelocationMode: 1.
Compressed class space mapped at: 0x00007ccae0000000-0x00007ccb20000000, reserved size: 1073741824
Narrow klass base: 0x00007ccadf000000, Narrow klass shift: 0, Narrow klass range: 0x100000000

GC Precious Log:
 CardTable entry size: 512
 Card Set container configuration: InlinePtr #cards 4 size 8 Array Of Cards #cards 32 size 80 Howl #buckets 8 coarsen threshold 7372 Howl Bitmap #cards 1024 size 144 coarsen threshold 921 Card regions per heap region 1 cards per card region 8192
 CPUs: 8 total, 8 available
 Memory: 31955M
 Large Page Support: Disabled
 NUMA Support: Disabled
 Compressed Oops: Enabled (Zero based)
 Heap Region Size: 4M
 Heap Min Capacity: 8M
 Heap Initial Capacity: 500M
 Heap Max Capacity: 7992M
 Pre-touch: Disabled
 Parallel Workers: 8
 Concurrent Workers: 2
 Concurrent Refinement Workers: 8
 Periodic GC: Disabled

Heap:
 garbage-first heap   total 516096K, used 322531K [0x000000060c800000, 0x0000000800000000)
  region size 4096K, 76 young (311296K), 7 survivors (28672K)
 Metaspace       used 18564K, committed 18880K, reserved 1114112K
  class space    used 1917K, committed 2048K, reserved 1048576K

Heap Regions: E=young(eden), S=young(survivor), O=old, HS=humongous(starts), HC=humongous(continues), CS=collection set, F=free, TAMS=top-at-mark-start, PB=parsable bottom
|   0|0x000000060c800000, 0x000000060cc00000, 0x000000060cc00000|100%|HS|  |TAMS 0x000000060c800000| PB 0x000000060c800000| Complete 
|   1|0x000000060cc00000, 0x000000060d000000, 0x000000060d000000|100%|HC|  |TAMS 0x000000060cc00000| PB 0x000000060cc00000| Complete 
|   2|0x000000060d000000, 0x000000060d400000, 0x000000060d400000|100%|HS|  |TAMS 0x000000060d000000| PB 0x000000060d000000| Complete 
|   3|0x000000060d400000, 0x000000060d800000, 0x000000060d800000|100%|HC|  |TAMS 0x000000060d400000| PB 0x000000060d400000| Complete 
|   4|0x000000060d800000, 0x000000060dc00000, 0x000000060dc00000|100%|HC|  |TAMS 0x000000060d800000| PB 0x000000060d800000| Complete 
|   5|0x000000060dc00000, 0x000000060e000000, 0x000000060e000000|100%|HS|  |TAMS 0x000000060dc00000| PB 0x000000060dc00000| Complete 
|   6|0x000000060e000000, 0x000000060e400000, 0x000000060e400000|100%|HC|  |TAMS 0x000000060e000000| PB 0x000000060e000000| Complete 
|   7|0x000000060e400000, 0x000000060e800000, 0x000000060e800000|100%|HC|  |TAMS 0x000000060e400000| PB 0x000000060e400000| Complete 
|   8|0x000000060e800000, 0x000000060e800000, 0x000000060ec00000|  0%| F|  |TAMS 0x000000060e800000| PB 0x000000060e800000| Untracked 
|   9|0x000000060ec00000, 0x000000060ec00000, 0x000000060f000000|  0%| F|  |TAMS 0x000000060ec00000| PB 0x000000060ec00000| Untracked 
|  10|0x000000060f000000, 0x000000060f000000, 0x000000060f400000|  0%| F|  |TAMS 0x000000060f000000| PB 0x000000060f000000| Untracked 
|  11|0x000000060f400000, 0x000000060f400000, 0x000000060f800000|  0%| F|  |TAMS 0x000000060f400000| PB 0x000000060f400000| Untracked 
|  12|0x000000060f800000, 0x000000060f800000, 0x000000060fc00000|  0%| F|  |TAMS 0x000000060f800000| PB 0x000000060f800000| Untracked 
|  13|0x000000060fc00000, 0x000000060fc00000, 0x0000000610000000|  0%| F|  |TAMS 0x000000060fc00000| PB 0x000000060fc00000| Untracked 
|  14|0x0000000610000000, 0x0000000610000000, 0x0000000610400000|  0%| F|  |TAMS 0x0000000610000000| PB 0x0000000610000000| Untracked 
|  15|0x0000000610400000, 0x0000000610400000, 0x0000000610800000|  0%| F|  |TAMS 0x0000000610400000| PB 0x0000000610400000| Untracked 
|  16|0x0000000610800000, 0x0000000610800000, 0x0000000610c00000|  0%| F|  |TAMS 0x0000000610800000| PB 0x0000000610800000| Untracked 
|  17|0x0000000610c00000, 0x0000000610c00000, 0x0000000611000000|  0%| F|  |TAMS 0x0000000610c00000| PB 0x0000000610c00000| Untracked 
|  18|0x0000000611000000, 0x0000000611000000, 0x0000000611400000|  0%| F|  |TAMS 0x0000000611000000| PB 0x0000000611000000| Untracked 
|  19|0x0000000611400000, 0x0000000611400000, 0x0000000611800000|  0%| F|  |TAMS 0x0000000611400000| PB 0x0000000611400000| Untracked 
|  20|0x0000000611800000, 0x0000000611800000, 0x0000000611c00000|  0%| F|  |TAMS 0x0000000611800000| PB 0x0000000611800000| Untracked 
|  21|0x0000000611c00000, 0x0000000611c00000, 0x0000000612000000|  0%| F|  |TAMS 0x0000000611c00000| PB 0x0000000611c00000| Untracked 
|  22|0x0000000612000000, 0x0000000612000000, 0x0000000612400000|  0%| F|  |TAMS 0x0000000612000000| PB 0x0000000612000000| Untracked 
|  23|0x0000000612400000, 0x0000000612400000, 0x0000000612800000|  0%| F|  |TAMS 0x0000000612400000| PB 0x0000000612400000| Untracked 
|  24|0x0000000612800000, 0x0000000612800000, 0x0000000612c00000|  0%| F|  |TAMS 0x0000000612800000| PB 0x0000000612800000| Untracked 
|  25|0x0000000612c00000, 0x0000000612c00000, 0x0000000613000000|  0%| F|  |TAMS 0x0000000612c00000| PB 0x0000000612c00000| Untracked 
|  26|0x0000000613000000, 0x0000000613000000, 0x0000000613400000|  0%| F|  |TAMS 0x0000000613000000| PB 0x0000000613000000| Untracked 
|  27|0x0000000613400000, 0x0000000613400000, 0x0000000613800000|  0%| F|  |TAMS 0x0000000613400000| PB 0x0000000613400000| Untracked 
|  28|0x0000000613800000, 0x0000000613800000, 0x0000000613c00000|  0%| F|  |TAMS 0x0000000613800000| PB 0x0000000613800000| Untracked 
|  29|0x0000000613c00000, 0x0000000613c00000, 0x0000000614000000|  0%| F|  |TAMS 0x0000000613c00000| PB 0x0000000613c00000| Untracked 
|  30|0x0000000614000000, 0x0000000614000000, 0x0000000614400000|  0%| F|  |TAMS 0x0000000614000000| PB 0x0000000614000000| Untracked 
|  31|0x0000000614400000, 0x0000000614400000, 0x0000000614800000|  0%| F|  |TAMS 0x0000000614400000| PB 0x0000000614400000| Untracked 
|  32|0x0000000614800000, 0x0000000614800000, 0x0000000614c00000|  0%| F|  |TAMS 0x0000000614800000| PB 0x0000000614800000| Untracked 
|  33|0x0000000614c00000, 0x0000000614c00000, 0x0000000615000000|  0%| F|  |TAMS 0x0000000614c00000| PB 0x0000000614c00000| Untracked 
|  34|0x0000000615000000, 0x0000000615000000, 0x0000000615400000|  0%| F|  |TAMS 0x0000000615000000| PB 0x0000000615000000| Untracked 
|  35|0x0000000615400000, 0x0000000615400000, 0x0000000615800000|  0%| F|  |TAMS 0x0000000615400000| PB 0x0000000615400000| Untracked 
|  36|0x0000000615800000, 0x0000000615800000, 0x0000000615c00000|  0%| F|  |TAMS 0x0000000615800000| PB 0x0000000615800000| Untracked 
|  37|0x0000000615c00000, 0x0000000615c00000, 0x0000000616000000|  0%| F|  |TAMS 0x0000000615c00000| PB 0x0000000615c00000| Untracked 
|  38|0x0000000616000000, 0x0000000616000000, 0x0000000616400000|  0%| F|  |TAMS 0x0000000616000000| PB 0x0000000616000000| Untracked 
|  39|0x0000000616400000, 0x0000000616400000, 0x0000000616800000|  0%| F|  |TAMS 0x0000000616400000| PB 0x0000000616400000| Untracked 
|  40|0x0000000616800000, 0x0000000616800000, 0x0000000616c00000|  0%| F|  |TAMS 0x0000000616800000| PB 0x0000000616800000| Untracked 
|  41|0x0000000616c00000, 0x0000000616c00000, 0x0000000617000000|  0%| F|  |TAMS 0x0000000616c00000| PB 0x0000000616c00000| Untracked 
|  42|0x0000000617000000, 0x0000000617000000, 0x0000000617400000|  0%| F|  |TAMS 0x0000000617000000| PB 0x0000000617000000| Untracked 
|  43|0x0000000617400000, 0x0000000617400000, 0x0000000617800000|  0%| F|  |TAMS 0x0000000617400000| PB 0x0000000617400000| Untracked 
|  44|0x0000000617800000, 0x0000000617800000, 0x0000000617c00000|  0%| F|  |TAMS 0x0000000617800000| PB 0x0000000617800000| Untracked 
|  45|0x0000000617c00000, 0x0000000617c00000, 0x0000000618000000|  0%| F|  |TAMS 0x0000000617c00000| PB 0x0000000617c00000| Untracked 
|  46|0x0000000618000000, 0x0000000618000000, 0x0000000618400000|  0%| F|  |TAMS 0x0000000618000000| PB 0x0000000618000000| Untracked 
|  47|0x0000000618400000, 0x00000006185b1a00, 0x0000000618800000| 42%| S|  |TAMS 0x0000000618400000| PB 0x0000000618400000| Complete 
|  48|0x0000000618800000, 0x0000000618c00000, 0x0000000618c00000|100%| S|  |TAMS 0x0000000618800000| PB 0x0000000618800000| Complete 
|  49|0x0000000618c00000, 0x0000000619000000, 0x0000000619000000|100%| S|  |TAMS 0x0000000618c00000| PB 0x0000000618c00000| Complete 
|  50|0x0000000619000000, 0x0000000619400000, 0x0000000619400000|100%| S|  |TAMS 0x0000000619000000| PB 0x0000000619000000| Complete 
|  51|0x0000000619400000, 0x0000000619800000, 0x0000000619800000|100%| S|  |TAMS 0x0000000619400000| PB 0x0000000619400000| Complete 
|  52|0x0000000619800000, 0x0000000619c00000, 0x0000000619c00000|100%| S|  |TAMS 0x0000000619800000| PB 0x0000000619800000| Complete 
|  53|0x0000000619c00000, 0x000000061a000000, 0x000000061a000000|100%| S|  |TAMS 0x0000000619c00000| PB 0x0000000619c00000| Complete 
|  54|0x000000061a000000, 0x000000061a400000, 0x000000061a400000|100%| E|CS|TAMS 0x000000061a000000| PB 0x000000061a000000| Complete 
|  55|0x000000061a400000, 0x000000061a800000, 0x000000061a800000|100%| E|CS|TAMS 0x000000061a400000| PB 0x000000061a400000| Complete 
|  56|0x000000061a800000, 0x000000061ac00000, 0x000000061ac00000|100%| E|CS|TAMS 0x000000061a800000| PB 0x000000061a800000| Complete 
|  57|0x000000061ac00000, 0x000000061b000000, 0x000000061b000000|100%| E|CS|TAMS 0x000000061ac00000| PB 0x000000061ac00000| Complete 
|  58|0x000000061b000000, 0x000000061b400000, 0x000000061b400000|100%| E|CS|TAMS 0x000000061b000000| PB 0x000000061b000000| Complete 
|  59|0x000000061b400000, 0x000000061b800000, 0x000000061b800000|100%| E|CS|TAMS 0x000000061b400000| PB 0x000000061b400000| Complete 
|  60|0x000000061b800000, 0x000000061bc00000, 0x000000061bc00000|100%| E|CS|TAMS 0x000000061b800000| PB 0x000000061b800000| Complete 
|  61|0x000000061bc00000, 0x000000061c000000, 0x000000061c000000|100%| E|CS|TAMS 0x000000061bc00000| PB 0x000000061bc00000| Complete 
|  62|0x000000061c000000, 0x000000061c400000, 0x000000061c400000|100%| E|CS|TAMS 0x000000061c000000| PB 0x000000061c000000| Complete 
|  63|0x000000061c400000, 0x000000061c800000, 0x000000061c800000|100%| E|CS|TAMS 0x000000061c400000| PB 0x000000061c400000| Complete 
|  64|0x000000061c800000, 0x000000061cc00000, 0x000000061cc00000|100%| E|CS|TAMS 0x000000061c800000| PB 0x000000061c800000| Complete 
|  65|0x000000061cc00000, 0x000000061d000000, 0x000000061d000000|100%| E|CS|TAMS 0x000000061cc00000| PB 0x000000061cc00000| Complete 
|  66|0x000000061d000000, 0x000000061d400000, 0x000000061d400000|100%| E|CS|TAMS 0x000000061d000000| PB 0x000000061d000000| Complete 
|  67|0x000000061d400000, 0x000000061d800000, 0x000000061d800000|100%| E|CS|TAMS 0x000000061d400000| PB 0x000000061d400000| Complete 
|  68|0x000000061d800000, 0x000000061dc00000, 0x000000061dc00000|100%| E|CS|TAMS 0x000000061d800000| PB 0x000000061d800000| Complete 
|  69|0x000000061dc00000, 0x000000061e000000, 0x000000061e000000|100%| E|CS|TAMS 0x000000061dc00000| PB 0x000000061dc00000| Complete 
|  70|0x000000061e000000, 0x000000061e400000, 0x000000061e400000|100%| E|CS|TAMS 0x000000061e000000| PB 0x000000061e000000| Complete 
|  71|0x000000061e400000, 0x000000061e800000, 0x000000061e800000|100%| E|CS|TAMS 0x000000061e400000| PB 0x000000061e400000| Complete 
|  72|0x000000061e800000, 0x000000061ec00000, 0x000000061ec00000|100%| E|CS|TAMS 0x000000061e800000| PB 0x000000061e800000| Complete 
|  73|0x000000061ec00000, 0x000000061f000000, 0x000000061f000000|100%| E|CS|TAMS 0x000000061ec00000| PB 0x000000061ec00000| Complete 
|  74|0x000000061f000000, 0x000000061f400000, 0x000000061f400000|100%| E|CS|TAMS 0x000000061f000000| PB 0x000000061f000000| Complete 
|  75|0x000000061f400000, 0x000000061f800000, 0x000000061f800000|100%| E|CS|TAMS 0x000000061f400000| PB 0x000000061f400000| Complete 
|  76|0x000000061f800000, 0x000000061fc00000, 0x000000061fc00000|100%| E|CS|TAMS 0x000000061f800000| PB 0x000000061f800000| Complete 
|  77|0x000000061fc00000, 0x0000000620000000, 0x0000000620000000|100%| E|CS|TAMS 0x000000061fc00000| PB 0x000000061fc00000| Complete 
|  78|0x0000000620000000, 0x0000000620400000, 0x0000000620400000|100%| E|CS|TAMS 0x0000000620000000| PB 0x0000000620000000| Complete 
|  79|0x0000000620400000, 0x0000000620800000, 0x0000000620800000|100%| E|CS|TAMS 0x0000000620400000| PB 0x0000000620400000| Complete 
|  80|0x0000000620800000, 0x0000000620c00000, 0x0000000620c00000|100%| E|CS|TAMS 0x0000000620800000| PB 0x0000000620800000| Complete 
|  81|0x0000000620c00000, 0x0000000621000000, 0x0000000621000000|100%| E|CS|TAMS 0x0000000620c00000| PB 0x0000000620c00000| Complete 
|  82|0x0000000621000000, 0x0000000621400000, 0x0000000621400000|100%| E|CS|TAMS 0x0000000621000000| PB 0x0000000621000000| Complete 
|  83|0x0000000621400000, 0x0000000621800000, 0x0000000621800000|100%| E|CS|TAMS 0x0000000621400000| PB 0x0000000621400000| Complete 
|  84|0x0000000621800000, 0x0000000621c00000, 0x0000000621c00000|100%| E|CS|TAMS 0x0000000621800000| PB 0x0000000621800000| Complete 
|  85|0x0000000621c00000, 0x0000000622000000, 0x0000000622000000|100%| E|CS|TAMS 0x0000000621c00000| PB 0x0000000621c00000| Complete 
|  86|0x0000000622000000, 0x0000000622400000, 0x0000000622400000|100%| E|CS|TAMS 0x0000000622000000| PB 0x0000000622000000| Complete 
|  87|0x0000000622400000, 0x0000000622800000, 0x0000000622800000|100%| E|CS|TAMS 0x0000000622400000| PB 0x0000000622400000| Complete 
|  88|0x0000000622800000, 0x0000000622c00000, 0x0000000622c00000|100%| E|CS|TAMS 0x0000000622800000| PB 0x0000000622800000| Complete 
|  89|0x0000000622c00000, 0x0000000623000000, 0x0000000623000000|100%| E|CS|TAMS 0x0000000622c00000| PB 0x0000000622c00000| Complete 
|  90|0x0000000623000000, 0x0000000623400000, 0x0000000623400000|100%| E|CS|TAMS 0x0000000623000000| PB 0x0000000623000000| Complete 
|  91|0x0000000623400000, 0x0000000623800000, 0x0000000623800000|100%| E|CS|TAMS 0x0000000623400000| PB 0x0000000623400000| Complete 
|  92|0x0000000623800000, 0x0000000623c00000, 0x0000000623c00000|100%| E|CS|TAMS 0x0000000623800000| PB 0x0000000623800000| Complete 
|  93|0x0000000623c00000, 0x0000000624000000, 0x0000000624000000|100%| E|CS|TAMS 0x0000000623c00000| PB 0x0000000623c00000| Complete 
|  94|0x0000000624000000, 0x0000000624400000, 0x0000000624400000|100%| E|CS|TAMS 0x0000000624000000| PB 0x0000000624000000| Complete 
|  95|0x0000000624400000, 0x0000000624800000, 0x0000000624800000|100%| E|CS|TAMS 0x0000000624400000| PB 0x0000000624400000| Complete 
|  96|0x0000000624800000, 0x0000000624c00000, 0x0000000624c00000|100%| E|CS|TAMS 0x0000000624800000| PB 0x0000000624800000| Complete 
|  97|0x0000000624c00000, 0x0000000625000000, 0x0000000625000000|100%| E|CS|TAMS 0x0000000624c00000| PB 0x0000000624c00000| Complete 
|  98|0x0000000625000000, 0x0000000625400000, 0x0000000625400000|100%| E|CS|TAMS 0x0000000625000000| PB 0x0000000625000000| Complete 
|  99|0x0000000625400000, 0x0000000625800000, 0x0000000625800000|100%| E|CS|TAMS 0x0000000625400000| PB 0x0000000625400000| Complete 
| 100|0x0000000625800000, 0x0000000625c00000, 0x0000000625c00000|100%| E|CS|TAMS 0x0000000625800000| PB 0x0000000625800000| Complete 
| 101|0x0000000625c00000, 0x0000000626000000, 0x0000000626000000|100%| E|CS|TAMS 0x0000000625c00000| PB 0x0000000625c00000| Complete 
| 102|0x0000000626000000, 0x0000000626400000, 0x0000000626400000|100%| E|CS|TAMS 0x0000000626000000| PB 0x0000000626000000| Complete 
| 103|0x0000000626400000, 0x0000000626800000, 0x0000000626800000|100%| E|CS|TAMS 0x0000000626400000| PB 0x0000000626400000| Complete 
| 104|0x0000000626800000, 0x0000000626c00000, 0x0000000626c00000|100%| E|CS|TAMS 0x0000000626800000| PB 0x0000000626800000| Complete 
| 105|0x0000000626c00000, 0x0000000627000000, 0x0000000627000000|100%| E|CS|TAMS 0x0000000626c00000| PB 0x0000000626c00000| Complete 
| 106|0x0000000627000000, 0x0000000627400000, 0x0000000627400000|100%| E|CS|TAMS 0x0000000627000000| PB 0x0000000627000000| Complete 
| 107|0x0000000627400000, 0x0000000627800000, 0x0000000627800000|100%| E|CS|TAMS 0x0000000627400000| PB 0x0000000627400000| Complete 
| 108|0x0000000627800000, 0x0000000627c00000, 0x0000000627c00000|100%| E|CS|TAMS 0x0000000627800000| PB 0x0000000627800000| Complete 
| 109|0x0000000627c00000, 0x0000000628000000, 0x0000000628000000|100%| E|CS|TAMS 0x0000000627c00000| PB 0x0000000627c00000| Complete 
| 110|0x0000000628000000, 0x0000000628400000, 0x0000000628400000|100%| E|CS|TAMS 0x0000000628000000| PB 0x0000000628000000| Complete 
| 111|0x0000000628400000, 0x0000000628800000, 0x0000000628800000|100%| E|CS|TAMS 0x0000000628400000| PB 0x0000000628400000| Complete 
| 112|0x0000000628800000, 0x0000000628c00000, 0x0000000628c00000|100%| E|CS|TAMS 0x0000000628800000| PB 0x0000000628800000| Complete 
| 113|0x0000000628c00000, 0x0000000629000000, 0x0000000629000000|100%| E|CS|TAMS 0x0000000628c00000| PB 0x0000000628c00000| Complete 
| 114|0x0000000629000000, 0x00000006291ec6a0, 0x0000000629400000| 48%| E|CS|TAMS 0x0000000629000000| PB 0x0000000629000000| Complete 
| 115|0x0000000629400000, 0x0000000629800000, 0x0000000629800000|100%| E|CS|TAMS 0x0000000629400000| PB 0x0000000629400000| Complete 
| 116|0x0000000629800000, 0x0000000629c00000, 0x0000000629c00000|100%| E|CS|TAMS 0x0000000629800000| PB 0x0000000629800000| Complete 
| 117|0x0000000629c00000, 0x000000062a000000, 0x000000062a000000|100%| E|CS|TAMS 0x0000000629c00000| PB 0x0000000629c00000| Complete 
| 118|0x000000062a000000, 0x000000062a400000, 0x000000062a400000|100%| E|CS|TAMS 0x000000062a000000| PB 0x000000062a000000| Complete 
| 119|0x000000062a400000, 0x000000062a800000, 0x000000062a800000|100%| E|CS|TAMS 0x000000062a400000| PB 0x000000062a400000| Complete 
| 120|0x000000062a800000, 0x000000062ac00000, 0x000000062ac00000|100%| E|CS|TAMS 0x000000062a800000| PB 0x000000062a800000| Complete 
| 121|0x000000062ac00000, 0x000000062b000000, 0x000000062b000000|100%| E|CS|TAMS 0x000000062ac00000| PB 0x000000062ac00000| Complete 
| 122|0x000000062b000000, 0x000000062b400000, 0x000000062b400000|100%| E|CS|TAMS 0x000000062b000000| PB 0x000000062b000000| Complete 
| 123|0x000000062b400000, 0x000000062b800000, 0x000000062b800000|100%| E|CS|TAMS 0x000000062b400000| PB 0x000000062b400000| Complete 
| 124|0x000000062b800000, 0x000000062bc00000, 0x000000062bc00000|100%| E|CS|TAMS 0x000000062b800000| PB 0x000000062b800000| Complete 
|1997|0x00000007ffc00000, 0x00000007ffd0c610, 0x0000000800000000| 26%| O|  |TAMS 0x00000007ffc00000| PB 0x00000007ffc00000| Untracked 

Card table byte_map: [0x00007ccb3f864000,0x00007ccb40800000] _byte_map_base: 0x00007ccb3c800000

Marking Bits: (CMBitMap*) 0x00007ccb58045320
 Bits: [0x00007ccb37b84000, 0x00007ccb3f864000)

Polling page: 0x00007ccb60136000

Metaspace:

Usage:
  Non-class:     16.26 MB used.
      Class:      1.87 MB used.
       Both:     18.13 MB used.

Virtual space:
  Non-class space:       64.00 MB reserved,      16.44 MB ( 26%) committed,  1 nodes.
      Class space:        1.00 GB reserved,       2.00 MB ( <1%) committed,  1 nodes.
             Both:        1.06 GB reserved,      18.44 MB (  2%) committed. 

Chunk freelists:
   Non-Class:  14.67 MB
       Class:  13.81 MB
        Both:  28.48 MB

MaxMetaspaceSize: unlimited
CompressedClassSpaceSize: 1.00 GB
Initial GC threshold: 21.00 MB
Current GC threshold: 21.00 MB
CDS: on
 - commit_granule_bytes: 65536.
 - commit_granule_words: 8192.
 - virtual_space_node_default_size: 8388608.
 - enlarge_chunks_in_place: 1.
 - use_allocation_guard: 0.


Internal statistics:

num_allocs_failed_limit: 0.
num_arena_births: 294.
num_arena_deaths: 0.
num_vsnodes_births: 2.
num_vsnodes_deaths: 0.
num_space_committed: 295.
num_space_uncommitted: 0.
num_chunks_returned_to_freelist: 0.
num_chunks_taken_from_freelist: 941.
num_chunk_merges: 0.
num_chunk_splits: 673.
num_chunks_enlarged: 517.
num_inconsistent_stats: 0.

CodeHeap 'non-profiled nmethods': size=120028Kb used=2911Kb max_used=2911Kb free=117116Kb
 bounds [0x00007ccb482c9000, 0x00007ccb485a9000, 0x00007ccb4f800000]
CodeHeap 'profiled nmethods': size=120028Kb used=11216Kb max_used=11216Kb free=108811Kb
 bounds [0x00007ccb40800000, 0x00007ccb41300000, 0x00007ccb47d37000]
CodeHeap 'non-nmethods': size=5704Kb used=1390Kb max_used=1485Kb free=4313Kb
 bounds [0x00007ccb47d37000, 0x00007ccb47fa7000, 0x00007ccb482c9000]
CodeCache: size=245760Kb, used=15517Kb, max_used=15612Kb, free=230240Kb
 total_blobs=5609, nmethods=5111, adapters=403, full_count=0
Compilation: enabled, stopped_count=0, restarted_count=0

Compilation events (20 events):
Event: 3.839 Thread 0x00007ccb58128d60 5111       3       java.util.TreeMap::put (8 bytes)
Event: 3.839 Thread 0x00007ccb58128d60 nmethod 5111 0x00007ccb412f1290 code [0x00007ccb412f1440, 0x00007ccb412f1580]
Event: 3.839 Thread 0x00007ccb58128d60 5114       3       java.util.TreeSet::add (22 bytes)
Event: 3.839 Thread 0x00007ccb58128d60 nmethod 5114 0x00007ccb412f1610 code [0x00007ccb412f17c0, 0x00007ccb412f1a10]
Event: 3.839 Thread 0x00007ccb58128d60 5115       3       java.lang.Integer::compare (20 bytes)
Event: 3.839 Thread 0x00007ccb58128d60 nmethod 5115 0x00007ccb412f1b90 code [0x00007ccb412f1d40, 0x00007ccb412f1f00]
Event: 3.839 Thread 0x00007ccb58128d60 5116       3       java.lang.Integer::compareTo (9 bytes)
Event: 3.839 Thread 0x00007ccb58128d60 nmethod 5116 0x00007ccb412f1f90 code [0x00007ccb412f2160, 0x00007ccb412f24f8]
Event: 3.839 Thread 0x00007ccb58128d60 5113       3       java.lang.Integer::compareTo (12 bytes)
Event: 3.839 Thread 0x00007ccb58128d60 nmethod 5113 0x00007ccb412f2610 code [0x00007ccb412f27c0, 0x00007ccb412f2a08]
Event: 3.841 Thread 0x00007ccb58128d60 5117       1       java.util.jar.JarFile$JarFileEntry::getName (5 bytes)
Event: 3.842 Thread 0x00007ccb58128d60 nmethod 5117 0x00007ccb4859d390 code [0x00007ccb4859d520, 0x00007ccb4859d5e8]
Event: 3.844 Thread 0x00007ccb58128d60 5118       3       java.util.jar.Attributes::<init> (7 bytes)
Event: 3.845 Thread 0x00007ccb58128d60 nmethod 5118 0x00007ccb412f2b10 code [0x00007ccb412f2cc0, 0x00007ccb412f2f20]
Event: 3.845 Thread 0x00007ccb58128d60 5119       3       java.util.jar.Manifest$FastInputStream::<init> (9 bytes)
Event: 3.845 Thread 0x00007ccb58128d60 nmethod 5119 0x00007ccb412f3010 code [0x00007ccb412f31c0, 0x00007ccb412f35b0]
Event: 3.845 Thread 0x00007ccb58128d60 5120  s    3       java.io.ByteArrayInputStream::read (73 bytes)
Event: 3.845 Thread 0x00007ccab8065570 nmethod 5085 0x00007ccb4859d690 code [0x00007ccb4859d9a0, 0x00007ccb4859fe88]
Event: 3.845 Thread 0x00007ccb58128d60 nmethod 5120 0x00007ccb412f3710 code [0x00007ccb412f3900, 0x00007ccb412f3ef0]
Event: 3.845 Thread 0x00007ccab8065570 5108 %     4       java.util.jar.Manifest$FastInputStream::readLine @ 86 (296 bytes)

GC Heap History (5 events):
Event: 0.633 GC heap before
{Heap before GC invocations=0 (full 0):
 garbage-first heap   total 516096K, used 25649K [0x000000060c800000, 0x0000000800000000)
  region size 4096K, 6 young (24576K), 0 survivors (0K)
 Metaspace       used 5599K, committed 5760K, reserved 1114112K
  class space    used 641K, committed 704K, reserved 1048576K
}
Event: 0.645 GC heap after
{Heap after GC invocations=1 (full 0):
 garbage-first heap   total 516096K, used 4179K [0x000000060c800000, 0x0000000800000000)
  region size 4096K, 1 young (4096K), 1 survivors (4096K)
 Metaspace       used 5599K, committed 5760K, reserved 1114112K
  class space    used 641K, committed 704K, reserved 1048576K
}
Event: 1.477 GC heap before
{Heap before GC invocations=1 (full 0):
 garbage-first heap   total 516096K, used 36947K [0x000000060c800000, 0x0000000800000000)
  region size 4096K, 9 young (36864K), 1 survivors (4096K)
 Metaspace       used 12388K, committed 12672K, reserved 1114112K
  class space    used 1472K, committed 1600K, reserved 1048576K
}
Event: 1.482 GC heap after
{Heap after GC invocations=2 (full 0):
 garbage-first heap   total 516096K, used 7139K [0x000000060c800000, 0x0000000800000000)
  region size 4096K, 2 young (8192K), 2 survivors (8192K)
 Metaspace       used 12388K, committed 12672K, reserved 1114112K
  class space    used 1472K, committed 1600K, reserved 1048576K
}
Event: 3.849 GC heap before
{Heap before GC invocations=2 (full 0):
 garbage-first heap   total 516096K, used 318435K [0x000000060c800000, 0x0000000800000000)
  region size 4096K, 71 young (290816K), 2 survivors (8192K)
 Metaspace       used 18564K, committed 18880K, reserved 1114112K
  class space    used 1917K, committed 2048K, reserved 1048576K
}

Dll operation events (7 events):
Event: 0.002 Loaded shared library /usr/lib/jvm/java-21-openjdk-amd64/lib/libjava.so
Event: 0.023 Loaded shared library /usr/lib/jvm/java-21-openjdk-amd64/lib/libjsvml.so
Event: 0.027 Loaded shared library /usr/lib/jvm/java-21-openjdk-amd64/lib/libnio.so
Event: 0.028 Loaded shared library /usr/lib/jvm/java-21-openjdk-amd64/lib/libzip.so
Event: 0.037 Loaded shared library /usr/lib/jvm/java-21-openjdk-amd64/lib/libnet.so
Event: 0.103 Loaded shared library /usr/lib/jvm/java-21-openjdk-amd64/lib/libjimage.so
Event: 0.176 Loaded shared library /usr/lib/jvm/java-21-openjdk-amd64/lib/libverify.so

Deoptimization events (20 events):
Event: 3.761 Thread 0x00007ccb58019c00 DEOPT PACKING pc=0x00007ccb48395840 sp=0x00007ccb5e3fd630
Event: 3.761 Thread 0x00007ccb58019c00 DEOPT UNPACKING pc=0x00007ccb47d8af99 sp=0x00007ccb5e3fd610 mode 2
Event: 3.761 Thread 0x00007ccb58019c00 Uncommon trap: trap_request=0xffffffde fr.pc=0x00007ccb48390140 relative=0x0000000000000520
Event: 3.761 Thread 0x00007ccb58019c00 Uncommon trap: reason=class_check action=maybe_recompile pc=0x00007ccb48390140 method=com.google.inject.internal.MoreTypes.getRawType(Ljava/lang/reflect/Type;)Ljava/lang/Class; @ 13 c2
Event: 3.761 Thread 0x00007ccb58019c00 DEOPT PACKING pc=0x00007ccb48390140 sp=0x00007ccb5e3fd690
Event: 3.761 Thread 0x00007ccb58019c00 DEOPT UNPACKING pc=0x00007ccb47d8af99 sp=0x00007ccb5e3fd5d8 mode 2
Event: 3.761 Thread 0x00007ccb58019c00 Uncommon trap: trap_request=0xffffffde fr.pc=0x00007ccb48390140 relative=0x0000000000000520
Event: 3.761 Thread 0x00007ccb58019c00 Uncommon trap: reason=class_check action=maybe_recompile pc=0x00007ccb48390140 method=com.google.inject.internal.MoreTypes.getRawType(Ljava/lang/reflect/Type;)Ljava/lang/Class; @ 13 c2
Event: 3.761 Thread 0x00007ccb58019c00 DEOPT PACKING pc=0x00007ccb48390140 sp=0x00007ccb5e3fd690
Event: 3.761 Thread 0x00007ccb58019c00 DEOPT UNPACKING pc=0x00007ccb47d8af99 sp=0x00007ccb5e3fd5d8 mode 2
Event: 3.762 Thread 0x00007ccb58019c00 Uncommon trap: trap_request=0xffffffde fr.pc=0x00007ccb48390140 relative=0x0000000000000520
Event: 3.762 Thread 0x00007ccb58019c00 Uncommon trap: reason=class_check action=maybe_recompile pc=0x00007ccb48390140 method=com.google.inject.internal.MoreTypes.getRawType(Ljava/lang/reflect/Type;)Ljava/lang/Class; @ 13 c2
Event: 3.762 Thread 0x00007ccb58019c00 DEOPT PACKING pc=0x00007ccb48390140 sp=0x00007ccb5e3fd690
Event: 3.762 Thread 0x00007ccb58019c00 DEOPT UNPACKING pc=0x00007ccb47d8af99 sp=0x00007ccb5e3fd5d8 mode 2
Event: 3.829 Thread 0x00007ccb58019c00 DEOPT PACKING pc=0x00007ccb40a42c37 sp=0x00007ccb5e3fd110
Event: 3.829 Thread 0x00007ccb58019c00 DEOPT UNPACKING pc=0x00007ccb47d8b72f sp=0x00007ccb5e3fc640 mode 0
Event: 3.834 Thread 0x00007ccb58019c00 Uncommon trap: trap_request=0xffffff45 fr.pc=0x00007ccb4850c038 relative=0x00000000000006d8
Event: 3.834 Thread 0x00007ccb58019c00 Uncommon trap: reason=unstable_if action=reinterpret pc=0x00007ccb4850c038 method=java.util.jar.Manifest$FastInputStream.readLine([BII)I @ 130 c2
Event: 3.834 Thread 0x00007ccb58019c00 DEOPT PACKING pc=0x00007ccb4850c038 sp=0x00007ccb5e3fd1a0
Event: 3.834 Thread 0x00007ccb58019c00 DEOPT UNPACKING pc=0x00007ccb47d8af99 sp=0x00007ccb5e3fd130 mode 2

Classes loaded (20 events):
Event: 3.735 Loading class javax/management/JMException done
Event: 3.735 Loading class javax/management/ReflectionException done
Event: 3.736 Loading class javax/management/MBeanServerConnection
Event: 3.736 Loading class javax/management/MBeanServerConnection done
Event: 3.749 Loading class javax/management/InstanceNotFoundException
Event: 3.749 Loading class javax/management/OperationsException
Event: 3.749 Loading class javax/management/OperationsException done
Event: 3.749 Loading class javax/management/InstanceNotFoundException done
Event: 3.750 Loading class java/util/zip/ZipException
Event: 3.750 Loading class java/util/zip/ZipException done
Event: 3.750 Loading class java/io/PushbackInputStream
Event: 3.750 Loading class java/io/PushbackInputStream done
Event: 3.750 Loading class java/util/jar/JarOutputStream
Event: 3.750 Loading class java/util/zip/ZipOutputStream
Event: 3.750 Loading class java/util/zip/DeflaterOutputStream
Event: 3.750 Loading class java/util/zip/DeflaterOutputStream done
Event: 3.750 Loading class java/util/zip/ZipOutputStream done
Event: 3.750 Loading class java/util/jar/JarOutputStream done
Event: 3.765 Loading class java/io/FileFilter
Event: 3.765 Loading class java/io/FileFilter done

Classes unloaded (0 events):
No events

Classes redefined (0 events):
No events

Internal exceptions (20 events):
Event: 1.338 Thread 0x00007ccb58019c00 Exception <a 'java/lang/NoSuchMethodError'{0x0000000629d60378}: 'java.lang.Object java.lang.invoke.DirectMethodHandle$Holder.newInvokeSpecial(java.lang.Object, java.lang.Object, java.lang.Object, java.lang.Object, java.lang.Object, java.lang.Object, java.lang.Object, java.lang.Object, java.lang.Object, java.lang.Object, java.lang.Object, java.lang.Object)'> (0x0000000629d60378) 
thrown [./src/hotspot/share/interpreter/linkResolver.cpp, line 772]
Event: 1.343 Thread 0x00007ccb58019c00 Exception <a 'java/lang/NoSuchMethodError'{0x0000000629da5cf0}: 'java.lang.Object java.lang.invoke.DirectMethodHandle$Holder.invokeStatic(java.lang.Object, java.lang.Object, java.lang.Object, java.lang.Object, java.lang.Object, java.lang.Object, java.lang.Object, java.lang.Object, java.lang.Object, java.lang.Object, java.lang.Object, java.lang.Object, java.lang.Object)'> (0x0000000629da5cf0) 
thrown [./src/hotspot/share/interpreter/linkResolver.cpp, line 772]
Event: 1.345 Thread 0x00007ccb58019c00 Exception <a 'java/lang/NoSuchMethodError'{0x0000000629dc4d18}: 'java.lang.Object java.lang.invoke.DirectMethodHandle$Holder.invokeStatic(java.lang.Object, java.lang.Object, java.lang.Object, java.lang.Object, java.lang.Object, java.lang.Object, java.lang.Object, java.lang.Object, java.lang.Object, java.lang.Object, java.lang.Object, java.lang.Object, java.lang.Object, java.lang.Object)'> (0x0000000629dc4d18) 
thrown [./src/hotspot/share/interpreter/linkResolver.cpp, line 772]
Event: 1.346 Thread 0x00007ccb58019c00 Exception <a 'java/lang/NoSuchMethodError'{0x0000000629de63d0}: 'java.lang.Object java.lang.invoke.DirectMethodHandle$Holder.invokeStatic(java.lang.Object, java.lang.Object, java.lang.Object, java.lang.Object, java.lang.Object, java.lang.Object, java.lang.Object, java.lang.Object, java.lang.Object, java.lang.Object, java.lang.Object, java.lang.Object, java.lang.Object, java.lang.Object, java.lang.Object)'> (0x0000000629de63d0) 
thrown [./src/hotspot/share/interpreter/linkResolver.cpp, line 772]
Event: 1.462 Thread 0x00007ccb58019c00 Implicit null exception at 0x00007ccb48306620 to 0x00007ccb48306d48
Event: 1.462 Thread 0x00007ccb58019c00 Implicit null exception at 0x00007ccb483058a0 to 0x00007ccb48305fd0
Event: 1.529 Thread 0x00007ccb58019c00 Exception <a 'java/lang/NoSuchMethodError'{0x000000062ba6efd0}: 'void java.lang.invoke.DirectMethodHandle$Holder.invokeVirtual(java.lang.Object, java.lang.Object, int)'> (0x000000062ba6efd0) 
thrown [./src/hotspot/share/interpreter/linkResolver.cpp, line 772]
Event: 1.530 Thread 0x00007ccb58019c00 Exception <a 'java/lang/NoSuchMethodError'{0x000000062ba731d8}: 'int java.lang.invoke.DirectMethodHandle$Holder.invokeSpecial(java.lang.Object, java.lang.Object, java.lang.Object, int)'> (0x000000062ba731d8) 
thrown [./src/hotspot/share/interpreter/linkResolver.cpp, line 772]
Event: 1.532 Thread 0x00007ccb58019c00 Exception <a 'java/lang/NoSuchMethodError'{0x000000062ba83aa8}: 'java.lang.Object java.lang.invoke.DirectMethodHandle$Holder.invokeStatic(java.lang.Object, java.lang.Object, java.lang.Object, java.lang.Object, int)'> (0x000000062ba83aa8) 
thrown [./src/hotspot/share/interpreter/linkResolver.cpp, line 772]
Event: 1.533 Thread 0x00007ccb58019c00 Exception <a 'java/lang/NoSuchMethodError'{0x000000062ba8ed28}: 'void java.lang.invoke.DelegatingMethodHandle$Holder.reinvoke_L(java.lang.Object, java.lang.Object, int)'> (0x000000062ba8ed28) 
thrown [./src/hotspot/share/interpreter/linkResolver.cpp, line 772]
Event: 1.789 Thread 0x00007ccb58019c00 Implicit null exception at 0x00007ccb483e58ec to 0x00007ccb483e59bc
Event: 1.789 Thread 0x00007ccb58019c00 Implicit null exception at 0x00007ccb48364ba0 to 0x00007ccb48364de0
Event: 1.789 Thread 0x00007ccb58019c00 Implicit null exception at 0x00007ccb483661e6 to 0x00007ccb48366292
Event: 2.916 Thread 0x00007ccb58019c00 Implicit null exception at 0x00007ccb4836ebc0 to 0x00007ccb4836ec45
Event: 3.183 Thread 0x00007ccb58019c00 Exception <a 'java/lang/NoSuchMethodError'{0x000000061f137f28}: 'void java.lang.invoke.Invokers$Holder.invokeExact_MT(java.lang.Object, java.lang.Object, int, java.lang.Object)'> (0x000000061f137f28) 
thrown [./src/hotspot/share/interpreter/linkResolver.cpp, line 772]
Event: 3.189 Thread 0x00007ccb58019c00 Exception <a 'java/lang/NoSuchMethodError'{0x000000061f17d200}: 'java.lang.Object java.lang.invoke.DirectMethodHandle$Holder.invokeInterface(java.lang.Object, java.lang.Object)'> (0x000000061f17d200) 
thrown [./src/hotspot/share/interpreter/linkResolver.cpp, line 772]
Event: 3.576 Thread 0x00007ccb58019c00 Exception <a 'java/lang/NoSuchMethodError'{0x000000061cc400b8}: 'void java.lang.invoke.DirectMethodHandle$Holder.invokeVirtual(java.lang.Object, java.lang.Object)'> (0x000000061cc400b8) 
thrown [./src/hotspot/share/interpreter/linkResolver.cpp, line 772]
Event: 3.766 Thread 0x00007ccb58019c00 Exception <a 'java/lang/NoSuchMethodError'{0x000000061b218eb8}: 'int java.lang.invoke.DirectMethodHandle$Holder.invokeStaticInit(java.lang.Object, java.lang.Object)'> (0x000000061b218eb8) 
thrown [./src/hotspot/share/interpreter/linkResolver.cpp, line 772]
Event: 3.768 Thread 0x00007ccb58019c00 Exception <a 'java/lang/NoSuchMethodError'{0x000000061b2286d0}: 'int java.lang.invoke.DirectMethodHandle$Holder.invokeStatic(java.lang.Object, java.lang.Object, java.lang.Object, java.lang.Object)'> (0x000000061b2286d0) 
thrown [./src/hotspot/share/interpreter/linkResolver.cpp, line 772]
Event: 3.768 Thread 0x00007ccb58019c00 Exception <a 'java/lang/NoSuchMethodError'{0x000000061b22bda0}: 'java.lang.Object java.lang.invoke.Invokers$Holder.invokeExact_MT(java.lang.Object, java.lang.Object, java.lang.Object, java.lang.Object, java.lang.Object, java.lang.Object)'> (0x000000061b22bda0) 
thrown [./src/hotspot/share/interpreter/linkResolver.cpp, line 772]

ZGC Phase Switch (0 events):
No events

VM Operations (20 events):
Event: 1.713 Executing non-safepoint VM operation: HandshakeAllThreads (Deoptimize) done
Event: 1.719 Executing safepoint VM operation: ICBufferFull
Event: 1.719 Executing safepoint VM operation: ICBufferFull done
Event: 1.944 Executing safepoint VM operation: ICBufferFull
Event: 1.944 Executing safepoint VM operation: ICBufferFull done
Event: 2.258 Executing non-safepoint VM operation: HandshakeAllThreads (Deoptimize)
Event: 2.258 Executing non-safepoint VM operation: HandshakeAllThreads (Deoptimize) done
Event: 2.259 Executing non-safepoint VM operation: HandshakeAllThreads (Deoptimize)
Event: 2.259 Executing non-safepoint VM operation: HandshakeAllThreads (Deoptimize) done
Event: 2.448 Executing safepoint VM operation: ICBufferFull
Event: 2.448 Executing safepoint VM operation: ICBufferFull done
Event: 2.697 Executing safepoint VM operation: ICBufferFull
Event: 2.698 Executing safepoint VM operation: ICBufferFull done
Event: 3.025 Executing safepoint VM operation: ICBufferFull
Event: 3.025 Executing safepoint VM operation: ICBufferFull done
Event: 3.201 Executing safepoint VM operation: ICBufferFull
Event: 3.201 Executing safepoint VM operation: ICBufferFull done
Event: 3.440 Executing safepoint VM operation: ICBufferFull
Event: 3.440 Executing safepoint VM operation: ICBufferFull done
Event: 3.849 Executing safepoint VM operation: G1CollectForAllocation (G1 Evacuation Pause)

Memory protections (14 events):
Event: 0.002 Protecting memory [0x00007ccb5e300000,0x00007ccb5e304000] with protection modes 0
Event: 0.021 Protecting memory [0x00007ccb34f00000,0x00007ccb34f04000] with protection modes 0
Event: 0.021 Protecting memory [0x00007ccb34e00000,0x00007ccb34e04000] with protection modes 0
Event: 0.021 Protecting memory [0x00007ccb34d00000,0x00007ccb34d04000] with protection modes 0
Event: 0.021 Protecting memory [0x00007ccb34c00000,0x00007ccb34c04000] with protection modes 0
Event: 0.022 Protecting memory [0x00007ccb34b00000,0x00007ccb34b04000] with protection modes 0
Event: 0.022 Protecting memory [0x00007ccb34a00000,0x00007ccb34a04000] with protection modes 0
Event: 0.022 Protecting memory [0x00007ccb34900000,0x00007ccb34904000] with protection modes 0
Event: 0.024 Protecting memory [0x00007ccb3472f000,0x00007ccb34733000] with protection modes 0
Event: 0.025 Protecting memory [0x00007ccb3462f000,0x00007ccb34633000] with protection modes 0
Event: 0.101 Protecting memory [0x00007ccb3452f000,0x00007ccb34533000] with protection modes 0
Event: 0.110 Protecting memory [0x00007ccb3452f000,0x00007ccb34533000] with protection modes 0
Event: 0.470 Protecting memory [0x00007ccb3442f000,0x00007ccb34433000] with protection modes 0
Event: 1.652 Protecting memory [0x00007ccb3442f000,0x00007ccb34433000] with protection modes 0

Nmethod flushes (0 events):
No events

Events (16 events):
Event: 0.014 Thread 0x00007ccb58019c00 Thread added: 0x00007ccb58019c00
Event: 0.021 Thread 0x00007ccb58019c00 Thread added: 0x00007ccb58120210
Event: 0.021 Thread 0x00007ccb58019c00 Thread added: 0x00007ccb58121790
Event: 0.021 Thread 0x00007ccb58019c00 Thread added: 0x00007ccb58122f40
Event: 0.021 Thread 0x00007ccb58019c00 Thread added: 0x00007ccb58124590
Event: 0.022 Thread 0x00007ccb58019c00 Thread added: 0x00007ccb58125b40
Event: 0.022 Thread 0x00007ccb58019c00 Thread added: 0x00007ccb58127690
Event: 0.022 Thread 0x00007ccb58019c00 Thread added: 0x00007ccb58128d60
Event: 0.024 Thread 0x00007ccb58019c00 Thread added: 0x00007ccb58134c10
Event: 0.025 Thread 0x00007ccb58019c00 Thread added: 0x00007ccb58137f50
Event: 0.101 Thread 0x00007ccb58019c00 Thread added: 0x00007ccb582fe1c0
Event: 0.107 Thread 0x00007ccb582fe1c0 Thread exited: 0x00007ccb582fe1c0
Event: 0.110 Thread 0x00007ccb58128d60 Thread added: 0x00007ccab8065570
Event: 0.470 Thread 0x00007ccb58128d60 Thread added: 0x00007ccab8183fd0
Event: 1.200 Thread 0x00007ccab8183fd0 Thread exited: 0x00007ccab8183fd0
Event: 1.652 Thread 0x00007ccb58128d60 Thread added: 0x00007ccab84a5a00


Dynamic libraries:
60c800000-62bc00000 rw-p 00000000 00:00 0 
62bc00000-7ffc00000 ---p 00000000 00:00 0 
7ffc00000-7ffd0d000 rw-p 00cdb000 08:02 27140273                         /usr/lib/jvm/java-21-openjdk-amd64/lib/server/classes.jsa
7ffd0d000-800000000 rw-p 00000000 00:00 0 
62a413bd4000-62a413bd5000 r--p 00000000 08:02 27140197                   /usr/lib/jvm/java-21-openjdk-amd64/bin/java
62a413bd5000-62a413bd6000 r-xp 00001000 08:02 27140197                   /usr/lib/jvm/java-21-openjdk-amd64/bin/java
62a413bd6000-62a413bd7000 r--p 00002000 08:02 27140197                   /usr/lib/jvm/java-21-openjdk-amd64/bin/java
62a413bd7000-62a413bd8000 r--p 00002000 08:02 27140197                   /usr/lib/jvm/java-21-openjdk-amd64/bin/java
62a413bd8000-62a413bd9000 rw-p 00003000 08:02 27140197                   /usr/lib/jvm/java-21-openjdk-amd64/bin/java
62a424af0000-62a424b37000 rw-p 00000000 00:00 0                          [heap]
7cca84000000-7cca84021000 rw-p 00000000 00:00 0 
7cca84021000-7cca88000000 ---p 00000000 00:00 0 
7cca8c000000-7cca8c021000 rw-p 00000000 00:00 0 
7cca8c021000-7cca90000000 ---p 00000000 00:00 0 
7cca90000000-7cca90021000 rw-p 00000000 00:00 0 
7cca90021000-7cca94000000 ---p 00000000 00:00 0 
7cca94000000-7cca94021000 rw-p 00000000 00:00 0 
7cca94021000-7cca98000000 ---p 00000000 00:00 0 
7cca98000000-7cca98021000 rw-p 00000000 00:00 0 
7cca98021000-7cca9c000000 ---p 00000000 00:00 0 
7cca9c000000-7cca9c021000 rw-p 00000000 00:00 0 
7cca9c021000-7ccaa0000000 ---p 00000000 00:00 0 
7ccaa0000000-7ccaa0021000 rw-p 00000000 00:00 0 
7ccaa0021000-7ccaa4000000 ---p 00000000 00:00 0 
7ccaa4000000-7ccaa4e03000 rw-p 00000000 00:00 0 
7ccaa4e03000-7ccaa8000000 ---p 00000000 00:00 0 
7ccaa8000000-7ccaa8baa000 rw-p 00000000 00:00 0 
7ccaa8baa000-7ccaac000000 ---p 00000000 00:00 0 
7ccaac000000-7ccaac021000 rw-p 00000000 00:00 0 
7ccaac021000-7ccab0000000 ---p 00000000 00:00 0 
7ccab0000000-7ccab0021000 rw-p 00000000 00:00 0 
7ccab0021000-7ccab4000000 ---p 00000000 00:00 0 
7ccab4000000-7ccab4e34000 rw-p 00000000 00:00 0 
7ccab4e34000-7ccab8000000 ---p 00000000 00:00 0 
7ccab8000000-7ccab8797000 rw-p 00000000 00:00 0 
7ccab8797000-7ccabc000000 ---p 00000000 00:00 0 
7ccabc000000-7ccabc021000 rw-p 00000000 00:00 0 
7ccabc021000-7ccac0000000 ---p 00000000 00:00 0 
7ccac0000000-7ccac0021000 rw-p 00000000 00:00 0 
7ccac0021000-7ccac4000000 ---p 00000000 00:00 0 
7ccac4000000-7ccac4021000 rw-p 00000000 00:00 0 
7ccac4021000-7ccac8000000 ---p 00000000 00:00 0 
7ccac8000000-7ccac8021000 rw-p 00000000 00:00 0 
7ccac8021000-7ccacc000000 ---p 00000000 00:00 0 
7ccacc000000-7ccacc021000 rw-p 00000000 00:00 0 
7ccacc021000-7ccad0000000 ---p 00000000 00:00 0 
7ccad0000000-7ccad0021000 rw-p 00000000 00:00 0 
7ccad0021000-7ccad4000000 ---p 00000000 00:00 0 
7ccad4000000-7ccad4400000 rw-p 00000000 00:00 0 
7ccad4400000-7ccad5060000 rw-p 00000000 00:00 0 
7ccad5060000-7ccad5100000 ---p 00000000 00:00 0 
7ccad5100000-7ccad5110000 rw-p 00000000 00:00 0 
7ccad5110000-7ccad8000000 ---p 00000000 00:00 0 
7ccad8000000-7ccad8021000 rw-p 00000000 00:00 0 
7ccad8021000-7ccadc000000 ---p 00000000 00:00 0 
7ccadea19000-7ccadecfd000 rw-p 00000000 00:00 0 
7ccadecfd000-7ccadecfe000 ---p 00000000 00:00 0 
7ccadecfe000-7ccadedfe000 rw-p 00000000 00:00 0 
7ccadedfe000-7ccadedff000 ---p 00000000 00:00 0 
7ccadedff000-7ccadeeff000 rw-p 00000000 00:00 0 
7ccadeeff000-7ccadef00000 ---p 00000000 00:00 0 
7ccadef00000-7ccadf000000 rw-p 00000000 00:00 0 
7ccadf000000-7ccadfc9c000 rw-p 00001000 08:02 27140273                   /usr/lib/jvm/java-21-openjdk-amd64/lib/server/classes.jsa
7ccadfc9c000-7ccae0000000 ---p 00000000 00:00 0 
7ccae0000000-7ccae0040000 rw-p 00000000 00:00 0 
7ccae0040000-7ccae0080000 rw-p 00000000 00:00 0 
7ccae0080000-7ccae01c0000 rw-p 00000000 00:00 0 
7ccae01c0000-7ccae01d0000 rw-p 00000000 00:00 0 
7ccae01d0000-7ccae0200000 ---p 00000000 00:00 0 
7ccae0200000-7ccae0230000 rw-p 00000000 00:00 0 
7ccae0230000-7ccb20000000 ---p 00000000 00:00 0 
7ccb20000000-7ccb20021000 rw-p 00000000 00:00 0 
7ccb20021000-7ccb24000000 ---p 00000000 00:00 0 
7ccb24000000-7ccb24021000 rw-p 00000000 00:00 0 
7ccb24021000-7ccb28000000 ---p 00000000 00:00 0 
7ccb28000000-7ccb28021000 rw-p 00000000 00:00 0 
7ccb28021000-7ccb2c000000 ---p 00000000 00:00 0 
7ccb2c000000-7ccb2c021000 rw-p 00000000 00:00 0 
7ccb2c021000-7ccb30000000 ---p 00000000 00:00 0 
7ccb30000000-7ccb301ad000 rw-p 00000000 00:00 0 
7ccb301ad000-7ccb34000000 ---p 00000000 00:00 0 
7ccb3402b000-7ccb3402c000 ---p 00000000 00:00 0 
7ccb3402c000-7ccb3412c000 rw-p 00000000 00:00 0 
7ccb3412c000-7ccb3412d000 ---p 00000000 00:00 0 
7ccb3412d000-7ccb3422d000 rw-p 00000000 00:00 0 
7ccb3422d000-7ccb3422e000 ---p 00000000 00:00 0 
7ccb3422e000-7ccb3432e000 rw-p 00000000 00:00 0 
7ccb3432e000-7ccb3432f000 ---p 00000000 00:00 0 
7ccb3432f000-7ccb3442f000 rw-p 00000000 00:00 0 
7ccb3442f000-7ccb34433000 ---p 00000000 00:00 0 
7ccb34433000-7ccb3452f000 rw-p 00000000 00:00 0 
7ccb3452f000-7ccb34533000 ---p 00000000 00:00 0 
7ccb34533000-7ccb3462f000 rw-p 00000000 00:00 0 
7ccb3462f000-7ccb34633000 ---p 00000000 00:00 0 
7ccb34633000-7ccb3472f000 rw-p 00000000 00:00 0 
7ccb3472f000-7ccb34733000 ---p 00000000 00:00 0 
7ccb34733000-7ccb3482f000 rw-p 00000000 00:00 0 
7ccb3482f000-7ccb34834000 r--p 00000000 08:02 27140255                   /usr/lib/jvm/java-21-openjdk-amd64/lib/libjsvml.so
7ccb34834000-7ccb34875000 r-xp 00005000 08:02 27140255                   /usr/lib/jvm/java-21-openjdk-amd64/lib/libjsvml.so
7ccb34875000-7ccb348fe000 r--p 00046000 08:02 27140255                   /usr/lib/jvm/java-21-openjdk-amd64/lib/libjsvml.so
7ccb348fe000-7ccb348ff000 r--p 000ce000 08:02 27140255                   /usr/lib/jvm/java-21-openjdk-amd64/lib/libjsvml.so
7ccb348ff000-7ccb34900000 rw-p 000cf000 08:02 27140255                   /usr/lib/jvm/java-21-openjdk-amd64/lib/libjsvml.so
7ccb34900000-7ccb34904000 ---p 00000000 00:00 0 
7ccb34904000-7ccb34a00000 rw-p 00000000 00:00 0 
7ccb34a00000-7ccb34a04000 ---p 00000000 00:00 0 
7ccb34a04000-7ccb34b00000 rw-p 00000000 00:00 0 
7ccb34b00000-7ccb34b04000 ---p 00000000 00:00 0 
7ccb34b04000-7ccb34c00000 rw-p 00000000 00:00 0 
7ccb34c00000-7ccb34c04000 ---p 00000000 00:00 0 
7ccb34c04000-7ccb34d00000 rw-p 00000000 00:00 0 
7ccb34d00000-7ccb34d04000 ---p 00000000 00:00 0 
7ccb34d04000-7ccb34e00000 rw-p 00000000 00:00 0 
7ccb34e00000-7ccb34e04000 ---p 00000000 00:00 0 
7ccb34e04000-7ccb34f00000 rw-p 00000000 00:00 0 
7ccb34f00000-7ccb34f04000 ---p 00000000 00:00 0 
7ccb34f04000-7ccb35000000 rw-p 00000000 00:00 0 
7ccb35000000-7ccb35575000 r--p 00000000 08:02 26479172                   /usr/lib/locale/locale-archive
7ccb355fc000-7ccb355fd000 ---p 00000000 00:00 0 
7ccb355fd000-7ccb356fd000 rw-p 00000000 00:00 0 
7ccb356fd000-7ccb356fe000 ---p 00000000 00:00 0 
7ccb356fe000-7ccb357fe000 rw-p 00000000 00:00 0 
7ccb357fe000-7ccb357ff000 ---p 00000000 00:00 0 
7ccb357ff000-7ccb358ff000 rw-p 00000000 00:00 0 
7ccb358ff000-7ccb35900000 ---p 00000000 00:00 0 
7ccb35900000-7ccb35a00000 rw-p 00000000 00:00 0 
7ccb35a00000-7ccb37a00000 rw-p 00000000 00:00 0 
7ccb37a83000-7ccb38354000 rw-p 00000000 00:00 0 
7ccb38354000-7ccb3f854000 ---p 00000000 00:00 0 
7ccb3f854000-7ccb3f95e000 rw-p 00000000 00:00 0 
7ccb3f95e000-7ccb407fe000 ---p 00000000 00:00 0 
7ccb407fe000-7ccb40800000 rw-p 00000000 00:00 0 
7ccb40800000-7ccb41300000 rwxp 00000000 00:00 0 
7ccb41300000-7ccb47d37000 ---p 00000000 00:00 0 
7ccb47d37000-7ccb47fa7000 rwxp 00000000 00:00 0 
7ccb47fa7000-7ccb482c9000 ---p 00000000 00:00 0 
7ccb482c9000-7ccb485a9000 rwxp 00000000 00:00 0 
7ccb485a9000-7ccb4f800000 ---p 00000000 00:00 0 
7ccb4f800000-7ccb57e51000 r--s 00000000 08:02 27140272                   /usr/lib/jvm/java-21-openjdk-amd64/lib/modules
7ccb57e7e000-7ccb58e1e000 rw-p 00000000 00:00 0 
7ccb58e1e000-7ccb5c000000 ---p 00000000 00:00 0 
7ccb5c022000-7ccb5c683000 rw-p 00000000 00:00 0 
7ccb5c683000-7ccb5c684000 ---p 00000000 00:00 0 
7ccb5c684000-7ccb5c784000 rw-p 00000000 00:00 0 
7ccb5c784000-7ccb5c785000 ---p 00000000 00:00 0 
7ccb5c785000-7ccb5c885000 rw-p 00000000 00:00 0 
7ccb5c885000-7ccb5c886000 ---p 00000000 00:00 0 
7ccb5c886000-7ccb5c986000 rw-p 00000000 00:00 0 
7ccb5c986000-7ccb5ca80000 rw-p 00000000 00:00 0 
7ccb5ca80000-7ccb5d920000 ---p 00000000 00:00 0 
7ccb5d920000-7ccb5e130000 rw-p 00000000 00:00 0 
7ccb5e130000-7ccb5e215000 ---p 00000000 00:00 0 
7ccb5e215000-7ccb5e22b000 rw-p 00000000 00:00 0 
7ccb5e22b000-7ccb5e300000 ---p 00000000 00:00 0 
7ccb5e300000-7ccb5e304000 ---p 00000000 00:00 0 
7ccb5e304000-7ccb5e400000 rw-p 00000000 00:00 0 
7ccb5e400000-7ccb5e49d000 r--p 00000000 08:02 26513345                   /usr/lib/x86_64-linux-gnu/libstdc++.so.6.0.33
7ccb5e49d000-7ccb5e5e5000 r-xp 0009d000 08:02 26513345                   /usr/lib/x86_64-linux-gnu/libstdc++.so.6.0.33
7ccb5e5e5000-7ccb5e66c000 r--p 001e5000 08:02 26513345                   /usr/lib/x86_64-linux-gnu/libstdc++.so.6.0.33
7ccb5e66c000-7ccb5e677000 r--p 0026b000 08:02 26513345                   /usr/lib/x86_64-linux-gnu/libstdc++.so.6.0.33
7ccb5e677000-7ccb5e67a000 rw-p 00276000 08:02 26513345                   /usr/lib/x86_64-linux-gnu/libstdc++.so.6.0.33
7ccb5e67a000-7ccb5e67e000 rw-p 00000000 00:00 0 
7ccb5e6b7000-7ccb5e6bb000 r--p 00000000 08:02 27140270                   /usr/lib/jvm/java-21-openjdk-amd64/lib/libverify.so
7ccb5e6bb000-7ccb5e6c2000 r-xp 00004000 08:02 27140270                   /usr/lib/jvm/java-21-openjdk-amd64/lib/libverify.so
7ccb5e6c2000-7ccb5e6c4000 r--p 0000b000 08:02 27140270                   /usr/lib/jvm/java-21-openjdk-amd64/lib/libverify.so
7ccb5e6c4000-7ccb5e6c6000 r--p 0000c000 08:02 27140270                   /usr/lib/jvm/java-21-openjdk-amd64/lib/libverify.so
7ccb5e6c6000-7ccb5e6c7000 rw-p 0000e000 08:02 27140270                   /usr/lib/jvm/java-21-openjdk-amd64/lib/libverify.so
7ccb5e6c7000-7ccb5e6ca000 r--p 00000000 08:02 27140263                   /usr/lib/jvm/java-21-openjdk-amd64/lib/libnet.so
7ccb5e6ca000-7ccb5e6d2000 r-xp 00003000 08:02 27140263                   /usr/lib/jvm/java-21-openjdk-amd64/lib/libnet.so
7ccb5e6d2000-7ccb5e6d4000 r--p 0000b000 08:02 27140263                   /usr/lib/jvm/java-21-openjdk-amd64/lib/libnet.so
7ccb5e6d4000-7ccb5e6d5000 r--p 0000c000 08:02 27140263                   /usr/lib/jvm/java-21-openjdk-amd64/lib/libnet.so
7ccb5e6d5000-7ccb5e6d6000 rw-p 0000d000 08:02 27140263                   /usr/lib/jvm/java-21-openjdk-amd64/lib/libnet.so
7ccb5e6d6000-7ccb5e717000 rw-p 00000000 00:00 0 
7ccb5e717000-7ccb5e727000 r--p 00000000 08:02 26479105                   /usr/lib/x86_64-linux-gnu/libm.so.6
7ccb5e727000-7ccb5e7a6000 r-xp 00010000 08:02 26479105                   /usr/lib/x86_64-linux-gnu/libm.so.6
7ccb5e7a6000-7ccb5e7fe000 r--p 0008f000 08:02 26479105                   /usr/lib/x86_64-linux-gnu/libm.so.6
7ccb5e7fe000-7ccb5e7ff000 r--p 000e7000 08:02 26479105                   /usr/lib/x86_64-linux-gnu/libm.so.6
7ccb5e7ff000-7ccb5e800000 rw-p 000e8000 08:02 26479105                   /usr/lib/x86_64-linux-gnu/libm.so.6
7ccb5e800000-7ccb5eaa2000 r--p 00000000 08:02 27140276                   /usr/lib/jvm/java-21-openjdk-amd64/lib/server/libjvm.so
7ccb5eaa2000-7ccb5f919000 r-xp 002a2000 08:02 27140276                   /usr/lib/jvm/java-21-openjdk-amd64/lib/server/libjvm.so
7ccb5f919000-7ccb5fbf4000 r--p 01119000 08:02 27140276                   /usr/lib/jvm/java-21-openjdk-amd64/lib/server/libjvm.so
7ccb5fbf4000-7ccb5fcc8000 r--p 013f3000 08:02 27140276                   /usr/lib/jvm/java-21-openjdk-amd64/lib/server/libjvm.so
7ccb5fcc8000-7ccb5fcf8000 rw-p 014c7000 08:02 27140276                   /usr/lib/jvm/java-21-openjdk-amd64/lib/server/libjvm.so
7ccb5fcf8000-7ccb5fd5e000 rw-p 00000000 00:00 0 
7ccb5fd5e000-7ccb5fd60000 r--p 00000000 08:02 27140271                   /usr/lib/jvm/java-21-openjdk-amd64/lib/libzip.so
7ccb5fd60000-7ccb5fd65000 r-xp 00002000 08:02 27140271                   /usr/lib/jvm/java-21-openjdk-amd64/lib/libzip.so
7ccb5fd65000-7ccb5fd67000 r--p 00007000 08:02 27140271                   /usr/lib/jvm/java-21-openjdk-amd64/lib/libzip.so
7ccb5fd67000-7ccb5fd68000 r--p 00008000 08:02 27140271                   /usr/lib/jvm/java-21-openjdk-amd64/lib/libzip.so
7ccb5fd68000-7ccb5fd69000 rw-p 00009000 08:02 27140271                   /usr/lib/jvm/java-21-openjdk-amd64/lib/libzip.so
7ccb5fd69000-7ccb5fd70000 r--p 00000000 08:02 27140264                   /usr/lib/jvm/java-21-openjdk-amd64/lib/libnio.so
7ccb5fd70000-7ccb5fd79000 r-xp 00007000 08:02 27140264                   /usr/lib/jvm/java-21-openjdk-amd64/lib/libnio.so
7ccb5fd79000-7ccb5fd7d000 r--p 00010000 08:02 27140264                   /usr/lib/jvm/java-21-openjdk-amd64/lib/libnio.so
7ccb5fd7d000-7ccb5fd7e000 r--p 00014000 08:02 27140264                   /usr/lib/jvm/java-21-openjdk-amd64/lib/libnio.so
7ccb5fd7e000-7ccb5fd7f000 rw-p 00015000 08:02 27140264                   /usr/lib/jvm/java-21-openjdk-amd64/lib/libnio.so
7ccb5fd7f000-7ccb5fe00000 rw-p 00000000 00:00 0 
7ccb5fe00000-7ccb5fe28000 r--p 00000000 08:02 26479102                   /usr/lib/x86_64-linux-gnu/libc.so.6
7ccb5fe28000-7ccb5ffb0000 r-xp 00028000 08:02 26479102                   /usr/lib/x86_64-linux-gnu/libc.so.6
7ccb5ffb0000-7ccb5ffff000 r--p 001b0000 08:02 26479102                   /usr/lib/x86_64-linux-gnu/libc.so.6
7ccb5ffff000-7ccb60003000 r--p 001fe000 08:02 26479102                   /usr/lib/x86_64-linux-gnu/libc.so.6
7ccb60003000-7ccb60005000 rw-p 00202000 08:02 26479102                   /usr/lib/x86_64-linux-gnu/libc.so.6
7ccb60005000-7ccb60012000 rw-p 00000000 00:00 0 
7ccb6001b000-7ccb6009e000 rw-p 00000000 00:00 0 
7ccb6009e000-7ccb600a5000 ---p 00000000 00:00 0 
7ccb600a5000-7ccb600b2000 r--p 00000000 08:02 27140247                   /usr/lib/jvm/java-21-openjdk-amd64/lib/libjava.so
7ccb600b2000-7ccb600c1000 r-xp 0000d000 08:02 27140247                   /usr/lib/jvm/java-21-openjdk-amd64/lib/libjava.so
7ccb600c1000-7ccb600c6000 r--p 0001c000 08:02 27140247                   /usr/lib/jvm/java-21-openjdk-amd64/lib/libjava.so
7ccb600c6000-7ccb600c7000 r--p 00021000 08:02 27140247                   /usr/lib/jvm/java-21-openjdk-amd64/lib/libjava.so
7ccb600c7000-7ccb600c8000 rw-p 00022000 08:02 27140247                   /usr/lib/jvm/java-21-openjdk-amd64/lib/libjava.so
7ccb600c8000-7ccb600c9000 rw-p 00000000 00:00 0 
7ccb600c9000-7ccb600cd000 r--p 00000000 08:02 26505278                   /usr/lib/x86_64-linux-gnu/libgcc_s.so.1
7ccb600cd000-7ccb600f1000 r-xp 00004000 08:02 26505278                   /usr/lib/x86_64-linux-gnu/libgcc_s.so.1
7ccb600f1000-7ccb600f5000 r--p 00028000 08:02 26505278                   /usr/lib/x86_64-linux-gnu/libgcc_s.so.1
7ccb600f5000-7ccb600f6000 r--p 0002b000 08:02 26505278                   /usr/lib/x86_64-linux-gnu/libgcc_s.so.1
7ccb600f6000-7ccb600f7000 rw-p 0002c000 08:02 26505278                   /usr/lib/x86_64-linux-gnu/libgcc_s.so.1
7ccb600f7000-7ccb600f9000 rw-p 00000000 00:00 0 
7ccb600f9000-7ccb600fb000 r--p 00000000 08:02 27140251                   /usr/lib/jvm/java-21-openjdk-amd64/lib/libjli.so
7ccb600fb000-7ccb60105000 r-xp 00002000 08:02 27140251                   /usr/lib/jvm/java-21-openjdk-amd64/lib/libjli.so
7ccb60105000-7ccb60108000 r--p 0000c000 08:02 27140251                   /usr/lib/jvm/java-21-openjdk-amd64/lib/libjli.so
7ccb60108000-7ccb60109000 r--p 0000f000 08:02 27140251                   /usr/lib/jvm/java-21-openjdk-amd64/lib/libjli.so
7ccb60109000-7ccb6010a000 rw-p 00010000 08:02 27140251                   /usr/lib/jvm/java-21-openjdk-amd64/lib/libjli.so
7ccb6010a000-7ccb6010c000 r--p 00000000 08:02 26492779                   /usr/lib/x86_64-linux-gnu/libz.so.1.3
7ccb6010c000-7ccb6011e000 r-xp 00002000 08:02 26492779                   /usr/lib/x86_64-linux-gnu/libz.so.1.3
7ccb6011e000-7ccb60124000 r--p 00014000 08:02 26492779                   /usr/lib/x86_64-linux-gnu/libz.so.1.3
7ccb60124000-7ccb60125000 r--p 0001a000 08:02 26492779                   /usr/lib/x86_64-linux-gnu/libz.so.1.3
7ccb60125000-7ccb60126000 rw-p 0001b000 08:02 26492779                   /usr/lib/x86_64-linux-gnu/libz.so.1.3
7ccb60127000-7ccb6012e000 r--s 00000000 08:02 26479060                   /usr/lib/x86_64-linux-gnu/gconv/gconv-modules.cache
7ccb6012e000-7ccb60136000 rw-s 00000000 08:02 23855237                   /tmp/hsperfdata_abel/81372
7ccb60136000-7ccb60137000 ---p 00000000 00:00 0 
7ccb60137000-7ccb60138000 r--p 00000000 00:00 0 
7ccb60138000-7ccb60139000 ---p 00000000 00:00 0 
7ccb60139000-7ccb6013b000 r--p 00000000 08:02 27140250                   /usr/lib/jvm/java-21-openjdk-amd64/lib/libjimage.so
7ccb6013b000-7ccb6013e000 r-xp 00002000 08:02 27140250                   /usr/lib/jvm/java-21-openjdk-amd64/lib/libjimage.so
7ccb6013e000-7ccb6013f000 r--p 00005000 08:02 27140250                   /usr/lib/jvm/java-21-openjdk-amd64/lib/libjimage.so
7ccb6013f000-7ccb60140000 r--p 00006000 08:02 27140250                   /usr/lib/jvm/java-21-openjdk-amd64/lib/libjimage.so
7ccb60140000-7ccb60141000 rw-p 00007000 08:02 27140250                   /usr/lib/jvm/java-21-openjdk-amd64/lib/libjimage.so
7ccb60141000-7ccb60143000 rw-p 00000000 00:00 0 
7ccb60143000-7ccb60147000 r--p 00000000 00:00 0                          [vvar]
7ccb60147000-7ccb60149000 r--p 00000000 00:00 0                          [vvar_vclock]
7ccb60149000-7ccb6014b000 r-xp 00000000 00:00 0                          [vdso]
7ccb6014b000-7ccb6014c000 r--p 00000000 08:02 26479099                   /usr/lib/x86_64-linux-gnu/ld-linux-x86-64.so.2
7ccb6014c000-7ccb60177000 r-xp 00001000 08:02 26479099                   /usr/lib/x86_64-linux-gnu/ld-linux-x86-64.so.2
7ccb60177000-7ccb60181000 r--p 0002c000 08:02 26479099                   /usr/lib/x86_64-linux-gnu/ld-linux-x86-64.so.2
7ccb60181000-7ccb60183000 r--p 00036000 08:02 26479099                   /usr/lib/x86_64-linux-gnu/ld-linux-x86-64.so.2
7ccb60183000-7ccb60185000 rw-p 00038000 08:02 26479099                   /usr/lib/x86_64-linux-gnu/ld-linux-x86-64.so.2
7ffd037f3000-7ffd03815000 rw-p 00000000 00:00 0                          [stack]
ffffffffff600000-ffffffffff601000 --xp 00000000 00:00 0                  [vsyscall]
Total number of mappings: 245

JVMTI agents: none


VM Arguments:
jvm_args: -Djansi.mode=force -Dclassworlds.conf=/usr/share/maven/bin/m2.conf -Dmaven.home=/usr/share/maven -Dlibrary.jansi.path=/usr/share/maven/lib/jansi-native -Dmaven.multiModuleProjectDirectory=/home/abel/Desktop/PROJECTS/2026-projects/hms/hospital-management-system 
java_command: org.codehaus.plexus.classworlds.launcher.Launcher spring-boot:run
java_class_path (initial): /usr/share/maven/boot/plexus-classworlds-2.x.jar
Launcher Type: SUN_STANDARD

[Global flags]
     intx CICompilerCount                          = 4                                         {product} {ergonomic}
     uint ConcGCThreads                            = 2                                         {product} {ergonomic}
     uint G1ConcRefinementThreads                  = 8                                         {product} {ergonomic}
   size_t G1HeapRegionSize                         = 4194304                                   {product} {ergonomic}
    uintx GCDrainStackTargetSize                   = 64                                        {product} {ergonomic}
   size_t InitialHeapSize                          = 524288000                                 {product} {ergonomic}
   size_t MarkStackSize                            = 4194304                                   {product} {ergonomic}
   size_t MaxHeapSize                              = 8380219392                                {product} {ergonomic}
   size_t MaxNewSize                               = 5024776192                                {product} {ergonomic}
   size_t MinHeapDeltaBytes                        = 4194304                                   {product} {ergonomic}
   size_t MinHeapSize                              = 8388608                                   {product} {ergonomic}
    uintx NonNMethodCodeHeapSize                   = 5839372                                {pd product} {ergonomic}
    uintx NonProfiledCodeHeapSize                  = 122909434                              {pd product} {ergonomic}
    uintx ProfiledCodeHeapSize                     = 122909434                              {pd product} {ergonomic}
    uintx ReservedCodeCacheSize                    = 251658240                              {pd product} {ergonomic}
     bool SegmentedCodeCache                       = true                                      {product} {ergonomic}
   size_t SoftMaxHeapSize                          = 8380219392                             {manageable} {ergonomic}
     bool UseCompressedOops                        = true                           {product lp64_product} {ergonomic}
     bool UseG1GC                                  = true                                      {product} {ergonomic}

Logging:
Log output configuration:
 #0: stdout all=warning uptime,level,tags foldmultilines=false
 #1: stderr all=off uptime,level,tags foldmultilines=false

Release file:
IMPLEMENTOR="Ubuntu"
JAVA_RUNTIME_VERSION="21.0.11+10-1-24.04.2-Ubuntu"
JAVA_VERSION="21.0.11"
JAVA_VERSION_DATE="2026-04-21"
LIBC="gnu"
MODULES="java.base java.compiler java.datatransfer java.xml java.prefs java.desktop java.instrument java.logging java.management java.security.sasl java.naming java.rmi java.management.rmi java.net.http java.scripting java.security.jgss java.transaction.xa java.sql java.sql.rowset java.xml.crypto java.se java.smartcardio jdk.accessibility jdk.internal.jvmstat jdk.attach jdk.charsets jdk.internal.opt jdk.zipfs jdk.compiler jdk.crypto.ec jdk.crypto.cryptoki jdk.dynalink jdk.internal.ed jdk.editpad jdk.hotspot.agent jdk.httpserver jdk.incubator.vector jdk.internal.le jdk.internal.vm.ci jdk.internal.vm.compiler jdk.internal.vm.compiler.management jdk.jartool jdk.javadoc jdk.jcmd jdk.management jdk.management.agent jdk.jconsole jdk.jdeps jdk.jdwp.agent jdk.jdi jdk.jfr jdk.jlink jdk.jpackage jdk.jshell jdk.jsobject jdk.jstatd jdk.localedata jdk.management.jfr jdk.naming.dns jdk.naming.rmi jdk.net jdk.nio.mapmode jdk.random jdk.sctp jdk.security.auth jdk.security.jgss jdk.unsupported jdk.unsupported.desktop jdk.xml.dom"
OS_ARCH="x86_64"
OS_NAME="Linux"
SOURCE=""

Environment Variables:
PATH=/home/abel/.local/bin:/usr/local/sbin:/usr/local/bin:/usr/sbin:/usr/bin:/sbin:/bin:/usr/games:/usr/local/games:/snap/bin:/snap/bin
USERNAME=abel
SHELL=/usr/bin/zsh
DISPLAY=:0
WAYLAND_DISPLAY=wayland-0
LANG=en_US.UTF-8
TERM=xterm-256color

Active Locale:
LC_ALL=en_US.UTF-8
LC_COLLATE=en_US.UTF-8
LC_CTYPE=en_US.UTF-8
LC_MESSAGES=en_US.UTF-8
LC_MONETARY=en_US.UTF-8
LC_NUMERIC=en_US.UTF-8
LC_TIME=en_US.UTF-8

Signal Handlers:
   SIGSEGV: crash_handler in libjvm.so, mask=11100100010111111101111111111110, flags=SA_RESTART|SA_SIGINFO, unblocked
    SIGBUS: crash_handler in libjvm.so, mask=11100100010111111101111111111110, flags=SA_RESTART|SA_SIGINFO, unblocked
    SIGFPE: crash_handler in libjvm.so, mask=11100100010111111101111111111110, flags=SA_RESTART|SA_SIGINFO, unblocked
   SIGPIPE: javaSignalHandler in libjvm.so, mask=11100100010111111101111111111110, flags=SA_RESTART|SA_SIGINFO, blocked
   SIGXFSZ: javaSignalHandler in libjvm.so, mask=11100100010111111101111111111110, flags=SA_RESTART|SA_SIGINFO, blocked
    SIGILL: crash_handler in libjvm.so, mask=11100100010111111101111111111110, flags=SA_RESTART|SA_SIGINFO, unblocked
   SIGUSR2: SR_handler in libjvm.so, mask=00000000000000000000000000000000, flags=SA_RESTART|SA_SIGINFO, blocked
    SIGHUP: UserHandler in libjvm.so, mask=11100100010111111101111111111110, flags=SA_RESTART|SA_SIGINFO, blocked
    SIGINT: UserHandler in libjvm.so, mask=11100100010111111101111111111110, flags=SA_RESTART|SA_SIGINFO, blocked
   SIGTERM: UserHandler in libjvm.so, mask=11100100010111111101111111111110, flags=SA_RESTART|SA_SIGINFO, blocked
   SIGQUIT: UserHandler in libjvm.so, mask=11100100010111111101111111111110, flags=SA_RESTART|SA_SIGINFO, blocked
   SIGTRAP: crash_handler in libjvm.so, mask=11100100010111111101111111111110, flags=SA_RESTART|SA_SIGINFO, unblocked


Periodic native trim disabled

---------------  S Y S T E M  ---------------

OS:
DISTRIB_ID=Ubuntu
DISTRIB_RELEASE=24.04
DISTRIB_CODENAME=noble
DISTRIB_DESCRIPTION="Ubuntu 24.04.4 LTS"
uname: Linux 6.17.0-14-generic #14~24.04.1-Ubuntu SMP PREEMPT_DYNAMIC Thu Jan 15 15:52:10 UTC 2 x86_64
OS uptime: 0 days 3:25 hours
libc: glibc 2.39 NPTL 2.39 
rlimit (soft/hard): STACK 8192k/infinity , CORE 0k/infinity , NPROC 127348/127348 , NOFILE 1048576/1048576 , AS infinity/infinity , CPU infinity/infinity , DATA infinity/infinity , FSIZE infinity/infinity , MEMLOCK 4090296k/4090296k
load average: 0.90 0.61 1.21

/proc/meminfo:
MemTotal:       32722376 kB
MemFree:         5109400 kB
MemAvailable:   14439064 kB
Buffers:          664884 kB
Cached:          9655696 kB
SwapCached:            0 kB
Active:         20415368 kB
Inactive:        5203960 kB
Active(anon):   16401940 kB
Inactive(anon):        0 kB
Active(file):    4013428 kB
Inactive(file):  5203960 kB
Unevictable:      634640 kB
Mlocked:              80 kB
SwapTotal:       4194300 kB
SwapFree:        4194300 kB
Zswap:                 0 kB
Zswapped:              0 kB
Dirty:              1672 kB
Writeback:             0 kB
AnonPages:      15934008 kB
Mapped:          3147508 kB
Shmem:           1103224 kB
KReclaimable:     576552 kB
Slab:             956012 kB
SReclaimable:     576552 kB
SUnreclaim:       379460 kB
KernelStack:       49936 kB
PageTables:       151072 kB
SecPageTables:      2832 kB
NFS_Unstable:          0 kB
Bounce:                0 kB
WritebackTmp:          0 kB
CommitLimit:    20555488 kB
Committed_AS:   63248916 kB
VmallocTotal:   34359738367 kB
VmallocUsed:      103480 kB
VmallocChunk:          0 kB
Percpu:            11456 kB
HardwareCorrupted:     0 kB
AnonHugePages:     81920 kB
ShmemHugePages:        0 kB
ShmemPmdMapped:        0 kB
FileHugePages:     45056 kB
FilePmdMapped:         0 kB
CmaTotal:              0 kB
CmaFree:               0 kB
Unaccepted:            0 kB
Balloon:               0 kB
HugePages_Total:       0
HugePages_Free:        0
HugePages_Rsvd:        0
HugePages_Surp:        0
Hugepagesize:       2048 kB
Hugetlb:               0 kB
DirectMap4k:      271716 kB
DirectMap2M:     5877760 kB
DirectMap1G:    27262976 kB

/sys/kernel/mm/transparent_hugepage/enabled: always [madvise] never
/sys/kernel/mm/transparent_hugepage/hpage_pmd_size: 2097152
/sys/kernel/mm/transparent_hugepage/defrag (defrag/compaction efforts parameter): always defer defer+madvise [madvise] never

Process Memory:
Virtual Size: 11679820K (peak: 11742368K)
Resident Set Size: 485272K (peak: 485272K) (anon: 460084K, file: 25188K, shmem: 0K)
Swapped out: 0K
C-Heap outstanding allocations: 66777K, retained: 21998K
glibc malloc tunables: (default)

/proc/sys/kernel/threads-max (system-wide limit on the number of threads): 254696
/proc/sys/vm/max_map_count (maximum number of memory map areas a process may have): 1048576
/proc/sys/vm/swappiness (control to define how aggressively the kernel swaps out anonymous memory): 60
/proc/sys/kernel/pid_max (system-wide limit on number of process identifiers): 4194304

container information not found.
Steal ticks since vm start: 0
Steal ticks percentage since vm start:  0.000

CPU: total 8 (initial active 8) (4 cores per cpu, 2 threads per core) family 6 model 142 stepping 10 microcode 0x84, cx8, cmov, fxsr, ht, mmx, 3dnowpref, sse, sse2, sse3, ssse3, sse4.1, sse4.2, popcnt, lzcnt, tsc, tscinvbit, avx, avx2, aes, erms, clmul, bmi1, bmi2, rtm, adx, fma, vzeroupper, clflush, clflushopt, rdtscp, f16c
CPU Model and flags from /proc/cpuinfo:
model name	: Intel(R) Core(TM) i7-8650U CPU @ 1.90GHz
flags		: fpu vme de pse tsc msr pae mce cx8 apic sep mtrr pge mca cmov pat pse36 clflush dts acpi mmx fxsr sse sse2 ss ht tm pbe syscall nx pdpe1gb rdtscp lm constant_tsc art arch_perfmon pebs bts rep_good nopl xtopology nonstop_tsc cpuid aperfmperf pni pclmulqdq dtes64 monitor ds_cpl vmx smx est tm2 ssse3 sdbg fma cx16 xtpr pdcm pcid sse4_1 sse4_2 x2apic movbe popcnt tsc_deadline_timer aes xsave avx f16c rdrand lahf_lm abm 3dnowprefetch cpuid_fault epb pti ibrs ibpb stibp tpr_shadow flexpriority ept vpid ept_ad fsgsbase tsc_adjust bmi1 hle avx2 smep bmi2 erms invpcid rtm mpx rdseed adx smap clflushopt intel_pt xsaveopt xsavec xgetbv1 xsaves dtherm ida arat pln pts hwp hwp_notify hwp_act_window hwp_epp vnmi

Online cpus: 0-7
Offline cpus: 
BIOS frequency limitation: <Not Available>
Frequency switch latency (ns): 0
Available cpu frequencies: <Not Available>
Current governor: powersave
Core performance/turbo boost: <Not Available>

Memory: 4k page, physical 32722376k(14439064k free), swap 4194300k(4194300k free)
Page Sizes: 4k

vm_info: OpenJDK 64-Bit Server VM (21.0.11+10-1-24.04.2-Ubuntu) for linux-amd64 JRE (21.0.11+10-1-24.04.2-Ubuntu), built on 2026-04-26T09:33:23Z by "buildd" with gcc 13.3.0

END.
